[0.118s] Invoking command in '/home/berth/rmb/src/rmb_db/build/rplidar_ros': CMAKE_PREFIX_PATH=/opt/ros/humble /usr/bin/cmake --build /home/berth/rmb/src/rmb_db/build/rplidar_ros -- -j4 -l4
[0.426s] -- Found ament_cmake: 1.3.9 (/opt/ros/humble/share/ament_cmake/cmake)
[2.148s] -- Found rclcpp: 16.0.9 (/opt/ros/humble/share/rclcpp/cmake)
[2.471s] [33mCMake Warning at /opt/ros/humble/share/rcutils/cmake/ament_cmake_export_libraries-extras.cmake:116 (message):
[2.472s]   Package 'rcutils' exports library 'dl' which couldn't be found
[2.473s] Call Stack (most recent call first):
[2.474s]   /opt/ros/humble/share/rcutils/cmake/rcutilsConfig.cmake:41 (include)
[2.475s]   /opt/ros/humble/share/rosidl_runtime_c/cmake/ament_cmake_export_dependencies-extras.cmake:21 (find_package)
[2.476s]   /opt/ros/humble/share/rosidl_runtime_c/cmake/rosidl_runtime_cConfig.cmake:41 (include)
[2.488s]   /opt/ros/humble/share/builtin_interfaces/cmake/ament_cmake_export_dependencies-extras.cmake:21 (find_package)
[2.489s]   /opt/ros/humble/share/builtin_interfaces/cmake/builtin_interfacesConfig.cmake:41 (include)
[2.490s]   /opt/ros/humble/share/libstatistics_collector/cmake/ament_cmake_export_dependencies-extras.cmake:21 (find_package)
[2.491s]   /opt/ros/humble/share/libstatistics_collector/cmake/libstatistics_collectorConfig.cmake:41 (include)
[2.492s]   /opt/ros/humble/share/rclcpp/cmake/ament_cmake_export_dependencies-extras.cmake:21 (find_package)
[2.493s]   /opt/ros/humble/share/rclcpp/cmake/rclcppConfig.cmake:41 (include)
[2.495s]   CMakeLists.txt:44 (find_package)
[2.496s] 
[2.497s] [0m
[2.636s] -- Found rosidl_generator_c: 3.1.5 (/opt/ros/humble/share/rosidl_generator_c/cmake)
[2.677s] -- Found rosidl_adapter: 3.1.5 (/opt/ros/humble/share/rosidl_adapter/cmake)
[2.767s] -- Found rosidl_generator_cpp: 3.1.5 (/opt/ros/humble/share/rosidl_generator_cpp/cmake)
[2.922s] -- Using all available rosidl_typesupport_c: rosidl_typesupport_fastrtps_c;rosidl_typesupport_introspection_c
[3.147s] -- Using all available rosidl_typesupport_cpp: rosidl_typesupport_fastrtps_cpp;rosidl_typesupport_introspection_cpp
[3.683s] -- Found rmw_implementation_cmake: 6.1.2 (/opt/ros/humble/share/rmw_implementation_cmake/cmake)
[3.702s] -- Found rmw_fastrtps_cpp: 6.2.6 (/opt/ros/humble/share/rmw_fastrtps_cpp/cmake)
[4.796s] -- Using RMW implementation 'rmw_fastrtps_cpp' as default
[4.924s] [31mCMake Error at /opt/ros/humble/share/rcl_logging_spdlog/cmake/ament_cmake_export_dependencies-extras.cmake:21 (find_package):
[4.926s]   By not providing "Findspdlog.cmake" in CMAKE_MODULE_PATH this project has
[4.926s]   asked CMake to find a package configuration file provided by "spdlog", but
[4.927s]   CMake did not find one.
[4.928s] 
[4.929s]   Could not find a package configuration file provided by "spdlog" with any
[4.930s]   of the following names:
[4.931s] 
[4.932s]     spdlogConfig.cmake
[4.933s]     spdlog-config.cmake
[4.936s] 
[4.937s]   Add the installation prefix of "spdlog" to CMAKE_PREFIX_PATH or set
[4.938s]   "spdlog_DIR" to a directory containing one of the above files.  If "spdlog"
[4.939s]   provides a separate development package or SDK, be sure it has been
[4.942s]   installed.
[4.944s] Call Stack (most recent call first):
[4.947s]   /opt/ros/humble/share/rcl_logging_spdlog/cmake/rcl_logging_spdlogConfig.cmake:41 (include)
[4.949s]   /opt/ros/humble/share/rcl/cmake/ament_cmake_export_dependencies-extras.cmake:21 (find_package)
[4.951s]   /opt/ros/humble/share/rcl/cmake/rclConfig.cmake:41 (include)
[4.953s]   /opt/ros/humble/share/libstatistics_collector/cmake/ament_cmake_export_dependencies-extras.cmake:21 (find_package)
[4.954s]   /opt/ros/humble/share/libstatistics_collector/cmake/libstatistics_collectorConfig.cmake:41 (include)
[4.956s]   /opt/ros/humble/share/rclcpp/cmake/ament_cmake_export_dependencies-extras.cmake:21 (find_package)
[4.957s]   /opt/ros/humble/share/rclcpp/cmake/rclcppConfig.cmake:41 (include)
[4.960s]   CMakeLists.txt:44 (find_package)
[4.966s] 
[4.973s] [0m
[4.975s] -- Configuring incomplete, errors occurred!
[4.977s] See also "/home/berth/rmb/src/rmb_db/build/rplidar_ros/CMakeFiles/CMakeOutput.log".
[4.978s] gmake: *** [Makefile:805: cmake_check_build_system] Error 1
