[0.090s] Invoking command in '/home/berth/rmb/src/rmb_db/build/dynamixel_hardware': CMAKE_PREFIX_PATH=/opt/ros/humble /usr/bin/cmake --build /home/berth/rmb/src/rmb_db/build/dynamixel_hardware -- -j4 -l4
[0.252s] -- Found ament_cmake: 1.3.9 (/opt/ros/humble/share/ament_cmake/cmake)
[1.934s] -- Found rclcpp: 16.0.9 (/opt/ros/humble/share/rclcpp/cmake)
[2.244s] [33mCMake Warning at /opt/ros/humble/share/rcutils/cmake/ament_cmake_export_libraries-extras.cmake:116 (message):
[2.246s]   Package 'rcutils' exports library 'dl' which couldn't be found
[2.247s] Call Stack (most recent call first):
[2.248s]   /opt/ros/humble/share/rcutils/cmake/rcutilsConfig.cmake:41 (include)
[2.249s]   /opt/ros/humble/share/rosidl_runtime_c/cmake/ament_cmake_export_dependencies-extras.cmake:21 (find_package)
[2.250s]   /opt/ros/humble/share/rosidl_runtime_c/cmake/rosidl_runtime_cConfig.cmake:41 (include)
[2.251s]   /opt/ros/humble/share/builtin_interfaces/cmake/ament_cmake_export_dependencies-extras.cmake:21 (find_package)
[2.252s]   /opt/ros/humble/share/builtin_interfaces/cmake/builtin_interfacesConfig.cmake:41 (include)
[2.253s]   /opt/ros/humble/share/libstatistics_collector/cmake/ament_cmake_export_dependencies-extras.cmake:21 (find_package)
[2.266s]   /opt/ros/humble/share/libstatistics_collector/cmake/libstatistics_collectorConfig.cmake:41 (include)
[2.269s]   /opt/ros/humble/share/rclcpp/cmake/ament_cmake_export_dependencies-extras.cmake:21 (find_package)
[2.270s]   /opt/ros/humble/share/rclcpp/cmake/rclcppConfig.cmake:41 (include)
[2.271s]   CMakeLists.txt:20 (find_package)
[2.272s] 
[2.273s] [0m
[2.370s] -- Found rosidl_generator_c: 3.1.5 (/opt/ros/humble/share/rosidl_generator_c/cmake)
[2.407s] -- Found rosidl_adapter: 3.1.5 (/opt/ros/humble/share/rosidl_adapter/cmake)
[2.489s] -- Found rosidl_generator_cpp: 3.1.5 (/opt/ros/humble/share/rosidl_generator_cpp/cmake)
[2.641s] -- Using all available rosidl_typesupport_c: rosidl_typesupport_fastrtps_c;rosidl_typesupport_introspection_c
[2.863s] -- Using all available rosidl_typesupport_cpp: rosidl_typesupport_fastrtps_cpp;rosidl_typesupport_introspection_cpp
[3.500s] -- Found rmw_implementation_cmake: 6.1.2 (/opt/ros/humble/share/rmw_implementation_cmake/cmake)
[3.509s] -- Found rmw_fastrtps_cpp: 6.2.6 (/opt/ros/humble/share/rmw_fastrtps_cpp/cmake)
[4.564s] -- Using RMW implementation 'rmw_fastrtps_cpp' as default
[4.691s] [31mCMake Error at /opt/ros/humble/share/rcl_logging_spdlog/cmake/ament_cmake_export_dependencies-extras.cmake:21 (find_package):
[4.692s]   By not providing "Findspdlog.cmake" in CMAKE_MODULE_PATH this project has
[4.695s]   asked CMake to find a package configuration file provided by "spdlog", but
[4.696s]   CMake did not find one.
[4.697s] 
[4.698s]   Could not find a package configuration file provided by "spdlog" with any
[4.699s]   of the following names:
[4.700s] 
[4.701s]     spdlogConfig.cmake
[4.702s]     spdlog-config.cmake
[4.703s] 
[4.704s]   Add the installation prefix of "spdlog" to CMAKE_PREFIX_PATH or set
[4.705s]   "spdlog_DIR" to a directory containing one of the above files.  If "spdlog"
[4.706s]   provides a separate development package or SDK, be sure it has been
[4.707s]   installed.
[4.708s] Call Stack (most recent call first):
[4.710s]   /opt/ros/humble/share/rcl_logging_spdlog/cmake/rcl_logging_spdlogConfig.cmake:41 (include)
[4.711s]   /opt/ros/humble/share/rcl/cmake/ament_cmake_export_dependencies-extras.cmake:21 (find_package)
[4.713s]   /opt/ros/humble/share/rcl/cmake/rclConfig.cmake:41 (include)
[4.715s]   /opt/ros/humble/share/libstatistics_collector/cmake/ament_cmake_export_dependencies-extras.cmake:21 (find_package)
[4.717s]   /opt/ros/humble/share/libstatistics_collector/cmake/libstatistics_collectorConfig.cmake:41 (include)
[4.718s]   /opt/ros/humble/share/rclcpp/cmake/ament_cmake_export_dependencies-extras.cmake:21 (find_package)
[4.719s]   /opt/ros/humble/share/rclcpp/cmake/rclcppConfig.cmake:41 (include)
[4.721s]   CMakeLists.txt:20 (find_package)
[4.722s] 
[4.723s] [0m
[4.724s] -- Configuring incomplete, errors occurred!
[4.725s] See also "/home/berth/rmb/src/rmb_db/build/dynamixel_hardware/CMakeFiles/CMakeOutput.log".
[4.735s] gmake: *** [Makefile:267: cmake_check_build_system] Error 1
[4.750s] Invoked command in '/home/berth/rmb/src/rmb_db/build/dynamixel_hardware' returned '2': CMAKE_PREFIX_PATH=/opt/ros/humble /usr/bin/cmake --build /home/berth/rmb/src/rmb_db/build/dynamixel_hardware -- -j4 -l4
