[0.084s] Invoking command in '/home/berth/rmb/src/rmb_db/build/rmb_description': CMAKE_PREFIX_PATH=/opt/ros/humble /usr/bin/cmake --build /home/berth/rmb/src/rmb_db/build/rmb_description -- -j4 -l4
[0.267s] -- Found ament_cmake: 1.3.9 (/opt/ros/humble/share/ament_cmake/cmake)
[1.991s] -- Found ament_lint_auto: 0.12.11 (/opt/ros/humble/share/ament_lint_auto/cmake)
[2.900s] -- Added test 'flake8' to check Python code syntax and style conventions
[2.915s] -- Added test 'lint_cmake' to check CMake code style
[2.924s] -- Added test 'pep257' to check Python code against some of the docstring style conventions in PEP 257
[2.969s] -- Added test 'xmllint' to check XML markup files
[2.984s] -- Configuring done
[3.045s] -- Generating done
[3.072s] -- Build files have been written to: /home/berth/rmb/src/rmb_db/build/rmb_description
[3.280s] Invoked command in '/home/berth/rmb/src/rmb_db/build/rmb_description' returned '0': CMAKE_PREFIX_PATH=/opt/ros/humble /usr/bin/cmake --build /home/berth/rmb/src/rmb_db/build/rmb_description -- -j4 -l4
[3.489s] Invoking command in '/home/berth/rmb/src/rmb_db/build/rmb_description': CMAKE_PREFIX_PATH=/opt/ros/humble /usr/bin/cmake --install /home/berth/rmb/src/rmb_db/build/rmb_description
[3.578s] -- Install configuration: ""
[3.580s] -- Up-to-date: /home/berth/rmb/src/rmb_db/install/rmb_description/share/rmb_description/urdf
[3.581s] -- Installing: /home/berth/rmb/src/rmb_db/install/rmb_description/share/rmb_description/urdf/rmb.xacro.urdf
[3.586s] -- Up-to-date: /home/berth/rmb/src/rmb_db/install/rmb_description/share/rmb_description/urdf/rmb_description.urdf.xacro
[3.587s] -- Up-to-date: /home/berth/rmb/src/rmb_db/install/rmb_description/share/rmb_description/urdf/rmb_materials.xacro
[3.589s] -- Installing: /home/berth/rmb/src/rmb_db/install/rmb_description/share/rmb_description/urdf/rmb_control.xacro
[3.590s] -- Up-to-date: /home/berth/rmb/src/rmb_db/install/rmb_description/share/rmb_description/meshes
[3.592s] -- Up-to-date: /home/berth/rmb/src/rmb_db/install/rmb_description/share/rmb_description/meshes/bovenwagen.STL
[3.593s] -- Up-to-date: /home/berth/rmb/src/rmb_db/install/rmb_description/share/rmb_description/meshes/giek.STL
[3.595s] -- Up-to-date: /home/berth/rmb/src/rmb_db/install/rmb_description/share/rmb_description/meshes/lidar.STL
[3.597s] -- Up-to-date: /home/berth/rmb/src/rmb_db/install/rmb_description/share/rmb_description/meshes/base_link_breed.STL
[3.598s] -- Up-to-date: /home/berth/rmb/src/rmb_db/install/rmb_description/share/rmb_description/meshes/wiel_rechts.STL
[3.600s] -- Up-to-date: /home/berth/rmb/src/rmb_db/install/rmb_description/share/rmb_description/meshes/kogel_caster_achter.STL
[3.610s] -- Up-to-date: /home/berth/rmb/src/rmb_db/install/rmb_description/share/rmb_description/meshes/kogel_caster_voor.STL
[3.611s] -- Up-to-date: /home/berth/rmb/src/rmb_db/install/rmb_description/share/rmb_description/meshes/adapter_grijper.STL
[3.613s] -- Up-to-date: /home/berth/rmb/src/rmb_db/install/rmb_description/share/rmb_description/meshes/camera.STL
[3.614s] -- Up-to-date: /home/berth/rmb/src/rmb_db/install/rmb_description/share/rmb_description/meshes/grijper.STL
[3.615s] -- Up-to-date: /home/berth/rmb/src/rmb_db/install/rmb_description/share/rmb_description/meshes/jib.STL
[3.616s] -- Up-to-date: /home/berth/rmb/src/rmb_db/install/rmb_description/share/rmb_description/meshes/wiel_links.STL
[3.618s] -- Up-to-date: /home/berth/rmb/src/rmb_db/install/rmb_description/share/rmb_description/launch
[3.623s] -- Installing: /home/berth/rmb/src/rmb_db/install/rmb_description/share/rmb_description/launch/rmb_description.launch.py
[3.624s] -- Up-to-date: /home/berth/rmb/src/rmb_db/install/rmb_description/share/ament_index/resource_index/package_run_dependencies/rmb_description
[3.625s] -- Installing: /home/berth/rmb/src/rmb_db/install/rmb_description/share/ament_index/resource_index/parent_prefix_path/rmb_description
[3.626s] -- Up-to-date: /home/berth/rmb/src/rmb_db/install/rmb_description/share/rmb_description/environment/ament_prefix_path.sh
[3.632s] -- Installing: /home/berth/rmb/src/rmb_db/install/rmb_description/share/rmb_description/environment/ament_prefix_path.dsv
[3.645s] -- Up-to-date: /home/berth/rmb/src/rmb_db/install/rmb_description/share/rmb_description/environment/path.sh
[3.646s] -- Installing: /home/berth/rmb/src/rmb_db/install/rmb_description/share/rmb_description/environment/path.dsv
[3.648s] -- Up-to-date: /home/berth/rmb/src/rmb_db/install/rmb_description/share/rmb_description/local_setup.bash
[3.649s] -- Up-to-date: /home/berth/rmb/src/rmb_db/install/rmb_description/share/rmb_description/local_setup.sh
[3.650s] -- Up-to-date: /home/berth/rmb/src/rmb_db/install/rmb_description/share/rmb_description/local_setup.zsh
[3.652s] -- Installing: /home/berth/rmb/src/rmb_db/install/rmb_description/share/rmb_description/local_setup.dsv
[3.655s] -- Installing: /home/berth/rmb/src/rmb_db/install/rmb_description/share/rmb_description/package.dsv
[3.656s] -- Up-to-date: /home/berth/rmb/src/rmb_db/install/rmb_description/share/ament_index/resource_index/packages/rmb_description
[3.659s] -- Up-to-date: /home/berth/rmb/src/rmb_db/install/rmb_description/share/rmb_description/cmake/rmb_descriptionConfig.cmake
[3.666s] -- Up-to-date: /home/berth/rmb/src/rmb_db/install/rmb_description/share/rmb_description/cmake/rmb_descriptionConfig-version.cmake
[3.667s] -- Up-to-date: /home/berth/rmb/src/rmb_db/install/rmb_description/share/rmb_description/package.xml
[3.711s] Invoked command in '/home/berth/rmb/src/rmb_db/build/rmb_description' returned '0': CMAKE_PREFIX_PATH=/opt/ros/humble /usr/bin/cmake --install /home/berth/rmb/src/rmb_db/build/rmb_description
