[0.053s] Invoking command in '/home/berth/rmb/src/rmb_db/build/rmb_description': CMAKE_PREFIX_PATH=${CMAKE_PREFIX_PATH}:/opt/ros/humble /usr/bin/cmake /home/berth/rmb/src/rmb_db/rmb_description -DCMAKE_INSTALL_PREFIX=/home/berth/rmb/src/rmb_db/install/rmb_description
[0.333s] -- The C compiler identification is GNU 11.4.0
[0.597s] -- The CXX compiler identification is GNU 11.4.0
[0.625s] -- Detecting C compiler ABI info
[0.933s] -- Detecting C compiler ABI info - done
[0.958s] -- Check for working C compiler: /usr/bin/cc - skipped
[0.958s] -- Detecting C compile features
[0.960s] -- Detecting C compile features - done
[0.972s] -- Detecting CXX compiler ABI info
[1.320s] -- Detecting CXX compiler ABI info - done
[1.346s] -- Check for working CXX compiler: /usr/bin/c++ - skipped
[1.347s] -- Detecting CXX compile features
[1.350s] -- Detecting CXX compile features - done
[1.368s] -- Found ament_cmake: 1.3.9 (/opt/ros/humble/share/ament_cmake/cmake)
[2.140s] -- Found Python3: /usr/bin/python3 (found version "3.10.12") found components: Interpreter 
[2.664s] -- Found ament_lint_auto: 0.12.11 (/opt/ros/humble/share/ament_lint_auto/cmake)
[3.060s] -- Added test 'flake8' to check Python code syntax and style conventions
[3.064s] -- Added test 'lint_cmake' to check CMake code style
[3.068s] -- Added test 'pep257' to check Python code against some of the docstring style conventions in PEP 257
[3.081s] -- Added test 'xmllint' to check XML markup files
[3.089s] -- Configuring done
[3.108s] -- Generating done
[3.113s] -- Build files have been written to: /home/berth/rmb/src/rmb_db/build/rmb_description
[3.128s] Invoked command in '/home/berth/rmb/src/rmb_db/build/rmb_description' returned '0': CMAKE_PREFIX_PATH=${CMAKE_PREFIX_PATH}:/opt/ros/humble /usr/bin/cmake /home/berth/rmb/src/rmb_db/rmb_description -DCMAKE_INSTALL_PREFIX=/home/berth/rmb/src/rmb_db/install/rmb_description
[3.137s] Invoking command in '/home/berth/rmb/src/rmb_db/build/rmb_description': CMAKE_PREFIX_PATH=${CMAKE_PREFIX_PATH}:/opt/ros/humble /usr/bin/cmake --build /home/berth/rmb/src/rmb_db/build/rmb_description -- -j4 -l4
[3.267s] Invoked command in '/home/berth/rmb/src/rmb_db/build/rmb_description' returned '0': CMAKE_PREFIX_PATH=${CMAKE_PREFIX_PATH}:/opt/ros/humble /usr/bin/cmake --build /home/berth/rmb/src/rmb_db/build/rmb_description -- -j4 -l4
[3.389s] Invoking command in '/home/berth/rmb/src/rmb_db/build/rmb_description': CMAKE_PREFIX_PATH=${CMAKE_PREFIX_PATH}:/opt/ros/humble /usr/bin/cmake --install /home/berth/rmb/src/rmb_db/build/rmb_description
[3.411s] -- Install configuration: ""
[3.412s] -- Installing: /home/berth/rmb/src/rmb_db/install/rmb_description/share/rmb_description/urdf
[3.412s] -- Installing: /home/berth/rmb/src/rmb_db/install/rmb_description/share/rmb_description/urdf/rmb.xacro.urdf
[3.413s] -- Installing: /home/berth/rmb/src/rmb_db/install/rmb_description/share/rmb_description/urdf/rmb_description.urdf.xacro
[3.414s] -- Installing: /home/berth/rmb/src/rmb_db/install/rmb_description/share/rmb_description/urdf/rmb_materials.xacro
[3.415s] -- Installing: /home/berth/rmb/src/rmb_db/install/rmb_description/share/rmb_description/urdf/rmb_control.xacro
[3.416s] -- Installing: /home/berth/rmb/src/rmb_db/install/rmb_description/share/rmb_description/meshes
[3.417s] -- Installing: /home/berth/rmb/src/rmb_db/install/rmb_description/share/rmb_description/meshes/bovenwagen.STL
[3.421s] -- Installing: /home/berth/rmb/src/rmb_db/install/rmb_description/share/rmb_description/meshes/giek.STL
[3.427s] -- Installing: /home/berth/rmb/src/rmb_db/install/rmb_description/share/rmb_description/meshes/lidar.STL
[3.428s] -- Installing: /home/berth/rmb/src/rmb_db/install/rmb_description/share/rmb_description/meshes/base_link_breed.STL
[3.509s] -- Installing: /home/berth/rmb/src/rmb_db/install/rmb_description/share/rmb_description/meshes/wiel_rechts.STL
[3.515s] -- Installing: /home/berth/rmb/src/rmb_db/install/rmb_description/share/rmb_description/meshes/kogel_caster_achter.STL
[3.517s] -- Installing: /home/berth/rmb/src/rmb_db/install/rmb_description/share/rmb_description/meshes/kogel_caster_voor.STL
[3.519s] -- Installing: /home/berth/rmb/src/rmb_db/install/rmb_description/share/rmb_description/meshes/adapter_grijper.STL
[3.525s] -- Installing: /home/berth/rmb/src/rmb_db/install/rmb_description/share/rmb_description/meshes/camera.STL
[3.532s] -- Installing: /home/berth/rmb/src/rmb_db/install/rmb_description/share/rmb_description/meshes/grijper.STL
[3.533s] -- Installing: /home/berth/rmb/src/rmb_db/install/rmb_description/share/rmb_description/meshes/jib.STL
[3.539s] -- Installing: /home/berth/rmb/src/rmb_db/install/rmb_description/share/rmb_description/meshes/wiel_links.STL
[3.545s] -- Installing: /home/berth/rmb/src/rmb_db/install/rmb_description/share/rmb_description/launch
[3.545s] -- Installing: /home/berth/rmb/src/rmb_db/install/rmb_description/share/rmb_description/launch/rmb_description.launch.py
[3.547s] -- Installing: /home/berth/rmb/src/rmb_db/install/rmb_description/share/ament_index/resource_index/package_run_dependencies/rmb_description
[3.549s] -- Installing: /home/berth/rmb/src/rmb_db/install/rmb_description/share/ament_index/resource_index/parent_prefix_path/rmb_description
[3.550s] -- Installing: /home/berth/rmb/src/rmb_db/install/rmb_description/share/rmb_description/environment/ament_prefix_path.sh
[3.551s] -- Installing: /home/berth/rmb/src/rmb_db/install/rmb_description/share/rmb_description/environment/ament_prefix_path.dsv
[3.553s] -- Installing: /home/berth/rmb/src/rmb_db/install/rmb_description/share/rmb_description/environment/path.sh
[3.554s] -- Installing: /home/berth/rmb/src/rmb_db/install/rmb_description/share/rmb_description/environment/path.dsv
[3.555s] -- Installing: /home/berth/rmb/src/rmb_db/install/rmb_description/share/rmb_description/local_setup.bash
[3.556s] -- Installing: /home/berth/rmb/src/rmb_db/install/rmb_description/share/rmb_description/local_setup.sh
[3.557s] -- Installing: /home/berth/rmb/src/rmb_db/install/rmb_description/share/rmb_description/local_setup.zsh
[3.558s] -- Installing: /home/berth/rmb/src/rmb_db/install/rmb_description/share/rmb_description/local_setup.dsv
[3.560s] -- Installing: /home/berth/rmb/src/rmb_db/install/rmb_description/share/rmb_description/package.dsv
[3.561s] -- Installing: /home/berth/rmb/src/rmb_db/install/rmb_description/share/ament_index/resource_index/packages/rmb_description
[3.563s] -- Installing: /home/berth/rmb/src/rmb_db/install/rmb_description/share/rmb_description/cmake/rmb_descriptionConfig.cmake
[3.564s] -- Installing: /home/berth/rmb/src/rmb_db/install/rmb_description/share/rmb_description/cmake/rmb_descriptionConfig-version.cmake
[3.565s] -- Installing: /home/berth/rmb/src/rmb_db/install/rmb_description/share/rmb_description/package.xml
[3.571s] Invoked command in '/home/berth/rmb/src/rmb_db/build/rmb_description' returned '0': CMAKE_PREFIX_PATH=${CMAKE_PREFIX_PATH}:/opt/ros/humble /usr/bin/cmake --install /home/berth/rmb/src/rmb_db/build/rmb_description
