[0.085s] Invoking command in '/home/berth/rmb/src/rmb_db/build/rmb_bringup': CMAKE_PREFIX_PATH=/opt/ros/humble /usr/bin/cmake --build /home/berth/rmb/src/rmb_db/build/rmb_bringup -- -j4 -l4
[0.235s] -- Found ament_cmake: 1.3.9 (/opt/ros/humble/share/ament_cmake/cmake)
[1.912s] -- Found rclpy: 3.3.13 (/opt/ros/humble/share/rclpy/cmake)
[1.914s] -- Found ament_lint_auto: 0.12.11 (/opt/ros/humble/share/ament_lint_auto/cmake)
[2.805s] -- Added test 'flake8' to check Python code syntax and style conventions
[2.811s] -- Added test 'lint_cmake' to check CMake code style
[2.816s] -- Added test 'pep257' to check Python code against some of the docstring style conventions in PEP 257
[2.834s] -- Added test 'xmllint' to check XML markup files
[2.845s] -- Configuring done
[2.895s] -- Generating done
[2.921s] -- Build files have been written to: /home/berth/rmb/src/rmb_db/build/rmb_bringup
[3.108s] Invoked command in '/home/berth/rmb/src/rmb_db/build/rmb_bringup' returned '0': CMAKE_PREFIX_PATH=/opt/ros/humble /usr/bin/cmake --build /home/berth/rmb/src/rmb_db/build/rmb_bringup -- -j4 -l4
[3.452s] Invoking command in '/home/berth/rmb/src/rmb_db/build/rmb_bringup': CMAKE_PREFIX_PATH=/opt/ros/humble /usr/bin/cmake --install /home/berth/rmb/src/rmb_db/build/rmb_bringup
[3.483s] -- Install configuration: ""
[3.487s] -- Up-to-date: /home/berth/rmb/src/rmb_db/install/rmb_bringup/share/rmb_bringup/launch
[3.489s] -- Up-to-date: /home/berth/rmb/src/rmb_db/install/rmb_bringup/share/rmb_bringup/launch/rmb_bringup.launch.py
[3.490s] -- Up-to-date: /home/berth/rmb/src/rmb_db/install/rmb_bringup/share/rmb_bringup/config
[3.491s] -- Up-to-date: /home/berth/rmb/src/rmb_db/install/rmb_bringup/share/rmb_bringup/config/rb_controllers.yaml
[3.492s] -- Up-to-date: /home/berth/rmb/src/rmb_db/install/rmb_bringup/share/ament_index/resource_index/package_run_dependencies/rmb_bringup
[3.492s] -- Installing: /home/berth/rmb/src/rmb_db/install/rmb_bringup/share/ament_index/resource_index/parent_prefix_path/rmb_bringup
[3.502s] -- Installing: /home/berth/rmb/src/rmb_db/install/rmb_bringup/share/rmb_bringup/environment/ament_prefix_path.sh
[3.503s] -- Installing: /home/berth/rmb/src/rmb_db/install/rmb_bringup/share/rmb_bringup/environment/ament_prefix_path.dsv
[3.506s] -- Installing: /home/berth/rmb/src/rmb_db/install/rmb_bringup/share/rmb_bringup/environment/path.sh
[3.506s] -- Installing: /home/berth/rmb/src/rmb_db/install/rmb_bringup/share/rmb_bringup/environment/path.dsv
[3.507s] -- Up-to-date: /home/berth/rmb/src/rmb_db/install/rmb_bringup/share/rmb_bringup/local_setup.bash
[3.508s] -- Up-to-date: /home/berth/rmb/src/rmb_db/install/rmb_bringup/share/rmb_bringup/local_setup.sh
[3.508s] -- Up-to-date: /home/berth/rmb/src/rmb_db/install/rmb_bringup/share/rmb_bringup/local_setup.zsh
[3.509s] -- Installing: /home/berth/rmb/src/rmb_db/install/rmb_bringup/share/rmb_bringup/local_setup.dsv
[3.510s] -- Installing: /home/berth/rmb/src/rmb_db/install/rmb_bringup/share/rmb_bringup/package.dsv
[3.511s] -- Up-to-date: /home/berth/rmb/src/rmb_db/install/rmb_bringup/share/ament_index/resource_index/packages/rmb_bringup
[3.511s] -- Up-to-date: /home/berth/rmb/src/rmb_db/install/rmb_bringup/share/rmb_bringup/cmake/rmb_bringupConfig.cmake
[3.512s] -- Up-to-date: /home/berth/rmb/src/rmb_db/install/rmb_bringup/share/rmb_bringup/cmake/rmb_bringupConfig-version.cmake
[3.512s] -- Up-to-date: /home/berth/rmb/src/rmb_db/install/rmb_bringup/share/rmb_bringup/package.xml
[3.528s] Invoked command in '/home/berth/rmb/src/rmb_db/build/rmb_bringup' returned '0': CMAKE_PREFIX_PATH=/opt/ros/humble /usr/bin/cmake --install /home/berth/rmb/src/rmb_db/build/rmb_bringup
