[0.423s] DEBUG:colcon:Command line arguments: ['/usr/bin/colcon', 'build']
[0.423s] DEBUG:colcon:Parsed command line arguments: Namespace(log_base=None, log_level=None, verb_name='build', build_base='build', install_base='install', merge_install=False, symlink_install=False, test_result_base=None, continue_on_error=False, executor='parallel', parallel_workers=4, event_handlers=None, ignore_user_meta=False, metas=['./colcon.meta'], base_paths=['.'], packages_ignore=None, packages_ignore_regex=None, paths=None, packages_up_to=None, packages_up_to_regex=None, packages_above=None, packages_above_and_dependencies=None, packages_above_depth=None, packages_select_by_dep=None, packages_skip_by_dep=None, packages_skip_up_to=None, packages_select_build_failed=False, packages_skip_build_finished=False, packages_select_test_failures=False, packages_skip_test_passed=False, packages_select=None, packages_skip=None, packages_select_regex=None, packages_skip_regex=None, packages_start=None, packages_end=None, allow_overriding=[], cmake_args=None, cmake_target=None, cmake_target_skip_unavailable=False, cmake_clean_cache=False, cmake_clean_first=False, cmake_force_configure=False, ament_cmake_args=None, catkin_cmake_args=None, catkin_skip_building_tests=False, mixin_files=None, mixin=None, verb_parser=<colcon_mixin.mixin.mixin_argument.MixinArgumentDecorator object at 0xffff9faeeda0>, verb_extension=<colcon_core.verb.build.BuildVerb object at 0xffff9fc23460>, main=<bound method BuildVerb.main of <colcon_core.verb.build.BuildVerb object at 0xffff9fc23460>>, mixin_verb=('build',))
[1.047s] Level 1:colcon.colcon_core.package_discovery:discover_packages(colcon_meta) check parameters
[1.047s] Level 1:colcon.colcon_core.package_discovery:discover_packages(recursive) check parameters
[1.048s] Level 1:colcon.colcon_core.package_discovery:discover_packages(ignore) check parameters
[1.048s] Level 1:colcon.colcon_core.package_discovery:discover_packages(path) check parameters
[1.048s] Level 1:colcon.colcon_core.package_discovery:discover_packages(colcon_meta) discover
[1.048s] Level 1:colcon.colcon_core.package_discovery:discover_packages(recursive) discover
[1.048s] INFO:colcon.colcon_core.package_discovery:Crawling recursively for packages in '/home/berth/rmb/src/rmb_db'
[1.049s] Level 1:colcon.colcon_core.package_identification:_identify(.) by extensions ['ignore', 'ignore_ament_install']
[1.049s] Level 1:colcon.colcon_core.package_identification:_identify(.) by extension 'ignore'
[1.049s] Level 1:colcon.colcon_core.package_identification:_identify(.) by extension 'ignore_ament_install'
[1.049s] Level 1:colcon.colcon_core.package_identification:_identify(.) by extensions ['colcon_pkg']
[1.050s] Level 1:colcon.colcon_core.package_identification:_identify(.) by extension 'colcon_pkg'
[1.050s] Level 1:colcon.colcon_core.package_identification:_identify(.) by extensions ['colcon_meta']
[1.050s] Level 1:colcon.colcon_core.package_identification:_identify(.) by extension 'colcon_meta'
[1.050s] Level 1:colcon.colcon_core.package_identification:_identify(.) by extensions ['ros']
[1.050s] Level 1:colcon.colcon_core.package_identification:_identify(.) by extension 'ros'
[1.094s] Level 1:colcon.colcon_core.package_identification:_identify(.) by extensions ['cmake', 'python']
[1.094s] Level 1:colcon.colcon_core.package_identification:_identify(.) by extension 'cmake'
[1.094s] Level 1:colcon.colcon_core.package_identification:_identify(.) by extension 'python'
[1.094s] Level 1:colcon.colcon_core.package_identification:_identify(.) by extensions ['python_setup_py']
[1.094s] Level 1:colcon.colcon_core.package_identification:_identify(.) by extension 'python_setup_py'
[1.095s] Level 1:colcon.colcon_core.package_identification:_identify(build) by extensions ['ignore', 'ignore_ament_install']
[1.095s] Level 1:colcon.colcon_core.package_identification:_identify(build) by extension 'ignore'
[1.095s] Level 1:colcon.colcon_core.package_identification:_identify(build) ignored
[1.096s] Level 1:colcon.colcon_core.package_identification:_identify(install) by extensions ['ignore', 'ignore_ament_install']
[1.096s] Level 1:colcon.colcon_core.package_identification:_identify(install) by extension 'ignore'
[1.096s] Level 1:colcon.colcon_core.package_identification:_identify(install) ignored
[1.097s] Level 1:colcon.colcon_core.package_identification:_identify(log) by extensions ['ignore', 'ignore_ament_install']
[1.097s] Level 1:colcon.colcon_core.package_identification:_identify(log) by extension 'ignore'
[1.097s] Level 1:colcon.colcon_core.package_identification:_identify(log) ignored
[1.098s] Level 1:colcon.colcon_core.package_identification:_identify(rmb_description) by extensions ['ignore', 'ignore_ament_install']
[1.098s] Level 1:colcon.colcon_core.package_identification:_identify(rmb_description) by extension 'ignore'
[1.098s] Level 1:colcon.colcon_core.package_identification:_identify(rmb_description) by extension 'ignore_ament_install'
[1.098s] Level 1:colcon.colcon_core.package_identification:_identify(rmb_description) by extensions ['colcon_pkg']
[1.098s] Level 1:colcon.colcon_core.package_identification:_identify(rmb_description) by extension 'colcon_pkg'
[1.099s] Level 1:colcon.colcon_core.package_identification:_identify(rmb_description) by extensions ['colcon_meta']
[1.099s] Level 1:colcon.colcon_core.package_identification:_identify(rmb_description) by extension 'colcon_meta'
[1.099s] Level 1:colcon.colcon_core.package_identification:_identify(rmb_description) by extensions ['ros']
[1.099s] Level 1:colcon.colcon_core.package_identification:_identify(rmb_description) by extension 'ros'
[1.107s] DEBUG:colcon.colcon_core.package_identification:Package 'rmb_description' with type 'ros.ament_cmake' and name 'rmb_description'
[1.108s] Level 1:colcon.colcon_core.package_identification:_identify(rplidar_ros) by extensions ['ignore', 'ignore_ament_install']
[1.108s] Level 1:colcon.colcon_core.package_identification:_identify(rplidar_ros) by extension 'ignore'
[1.109s] Level 1:colcon.colcon_core.package_identification:_identify(rplidar_ros) by extension 'ignore_ament_install'
[1.109s] Level 1:colcon.colcon_core.package_identification:_identify(rplidar_ros) by extensions ['colcon_pkg']
[1.109s] Level 1:colcon.colcon_core.package_identification:_identify(rplidar_ros) by extension 'colcon_pkg'
[1.109s] Level 1:colcon.colcon_core.package_identification:_identify(rplidar_ros) by extensions ['colcon_meta']
[1.109s] Level 1:colcon.colcon_core.package_identification:_identify(rplidar_ros) by extension 'colcon_meta'
[1.110s] Level 1:colcon.colcon_core.package_identification:_identify(rplidar_ros) by extensions ['ros']
[1.110s] Level 1:colcon.colcon_core.package_identification:_identify(rplidar_ros) by extension 'ros'
[1.112s] DEBUG:colcon.colcon_core.package_identification:Package 'rplidar_ros' with type 'ros.ament_cmake' and name 'rplidar_ros'
[1.112s] Level 1:colcon.colcon_core.package_discovery:discover_packages(recursive) using defaults
[1.112s] Level 1:colcon.colcon_core.package_discovery:discover_packages(ignore) discover
[1.113s] Level 1:colcon.colcon_core.package_discovery:discover_packages(ignore) using defaults
[1.113s] Level 1:colcon.colcon_core.package_discovery:discover_packages(path) discover
[1.113s] Level 1:colcon.colcon_core.package_discovery:discover_packages(path) using defaults
[1.191s] Level 1:colcon.colcon_core.package_discovery:discover_packages(prefix_path) check parameters
[1.191s] Level 1:colcon.colcon_core.package_discovery:discover_packages(prefix_path) discover
[1.195s] WARNING:colcon.colcon_ros.prefix_path.ament:The path '/home/berth/rmb/src/rmb_db/install/rplidar_ros' in the environment variable AMENT_PREFIX_PATH doesn't exist
[1.195s] WARNING:colcon.colcon_ros.prefix_path.ament:The path '/home/berth/rmb/src/rmb_db/install/rmb_description' in the environment variable AMENT_PREFIX_PATH doesn't exist
[1.196s] WARNING:colcon.colcon_ros.prefix_path.catkin:The path '/home/berth/rmb/src/rmb_db/install/rplidar_ros' in the environment variable CMAKE_PREFIX_PATH doesn't exist
[1.197s] WARNING:colcon.colcon_ros.prefix_path.catkin:The path '/home/berth/rmb/src/rmb_db/install/rmb_description' in the environment variable CMAKE_PREFIX_PATH doesn't exist
[1.201s] DEBUG:colcon.colcon_installed_package_information.package_discovery:Found 2 installed packages in /home/berth/rmb/install
[1.202s] DEBUG:colcon.colcon_installed_package_information.package_discovery:Found 0 installed packages in /home/berth/rmb/src/rmb_db/install
[1.208s] DEBUG:colcon.colcon_installed_package_information.package_discovery:Found 182 installed packages in /opt/ros/humble
[1.212s] Level 1:colcon.colcon_core.package_discovery:discover_packages(prefix_path) using defaults
[1.317s] Level 5:colcon.colcon_core.verb:set package 'rmb_description' build argument 'cmake_args' from command line to 'None'
[1.317s] Level 5:colcon.colcon_core.verb:set package 'rmb_description' build argument 'cmake_target' from command line to 'None'
[1.317s] Level 5:colcon.colcon_core.verb:set package 'rmb_description' build argument 'cmake_target_skip_unavailable' from command line to 'False'
[1.317s] Level 5:colcon.colcon_core.verb:set package 'rmb_description' build argument 'cmake_clean_cache' from command line to 'False'
[1.317s] Level 5:colcon.colcon_core.verb:set package 'rmb_description' build argument 'cmake_clean_first' from command line to 'False'
[1.318s] Level 5:colcon.colcon_core.verb:set package 'rmb_description' build argument 'cmake_force_configure' from command line to 'False'
[1.318s] Level 5:colcon.colcon_core.verb:set package 'rmb_description' build argument 'ament_cmake_args' from command line to 'None'
[1.318s] Level 5:colcon.colcon_core.verb:set package 'rmb_description' build argument 'catkin_cmake_args' from command line to 'None'
[1.318s] Level 5:colcon.colcon_core.verb:set package 'rmb_description' build argument 'catkin_skip_building_tests' from command line to 'False'
[1.318s] DEBUG:colcon.colcon_core.verb:Building package 'rmb_description' with the following arguments: {'ament_cmake_args': None, 'build_base': '/home/berth/rmb/src/rmb_db/build/rmb_description', 'catkin_cmake_args': None, 'catkin_skip_building_tests': False, 'cmake_args': None, 'cmake_clean_cache': False, 'cmake_clean_first': False, 'cmake_force_configure': False, 'cmake_target': None, 'cmake_target_skip_unavailable': False, 'install_base': '/home/berth/rmb/src/rmb_db/install/rmb_description', 'merge_install': False, 'path': '/home/berth/rmb/src/rmb_db/rmb_description', 'symlink_install': False, 'test_result_base': None}
[1.319s] Level 5:colcon.colcon_core.verb:set package 'rplidar_ros' build argument 'cmake_args' from command line to 'None'
[1.320s] Level 5:colcon.colcon_core.verb:set package 'rplidar_ros' build argument 'cmake_target' from command line to 'None'
[1.320s] Level 5:colcon.colcon_core.verb:set package 'rplidar_ros' build argument 'cmake_target_skip_unavailable' from command line to 'False'
[1.320s] Level 5:colcon.colcon_core.verb:set package 'rplidar_ros' build argument 'cmake_clean_cache' from command line to 'False'
[1.320s] Level 5:colcon.colcon_core.verb:set package 'rplidar_ros' build argument 'cmake_clean_first' from command line to 'False'
[1.320s] Level 5:colcon.colcon_core.verb:set package 'rplidar_ros' build argument 'cmake_force_configure' from command line to 'False'
[1.320s] Level 5:colcon.colcon_core.verb:set package 'rplidar_ros' build argument 'ament_cmake_args' from command line to 'None'
[1.320s] Level 5:colcon.colcon_core.verb:set package 'rplidar_ros' build argument 'catkin_cmake_args' from command line to 'None'
[1.320s] Level 5:colcon.colcon_core.verb:set package 'rplidar_ros' build argument 'catkin_skip_building_tests' from command line to 'False'
[1.320s] DEBUG:colcon.colcon_core.verb:Building package 'rplidar_ros' with the following arguments: {'ament_cmake_args': None, 'build_base': '/home/berth/rmb/src/rmb_db/build/rplidar_ros', 'catkin_cmake_args': None, 'catkin_skip_building_tests': False, 'cmake_args': None, 'cmake_clean_cache': False, 'cmake_clean_first': False, 'cmake_force_configure': False, 'cmake_target': None, 'cmake_target_skip_unavailable': False, 'install_base': '/home/berth/rmb/src/rmb_db/install/rplidar_ros', 'merge_install': False, 'path': '/home/berth/rmb/src/rmb_db/rplidar_ros', 'symlink_install': False, 'test_result_base': None}
[1.321s] INFO:colcon.colcon_core.executor:Executing jobs using 'parallel' executor
[1.324s] DEBUG:colcon.colcon_parallel_executor.executor.parallel:run_until_complete
[1.325s] INFO:colcon.colcon_ros.task.ament_cmake.build:Building ROS package in '/home/berth/rmb/src/rmb_db/rmb_description' with build type 'ament_cmake'
[1.326s] INFO:colcon.colcon_cmake.task.cmake.build:Building CMake package in '/home/berth/rmb/src/rmb_db/rmb_description'
[1.333s] INFO:colcon.colcon_core.plugin_system:Skipping extension 'colcon_core.shell.bat': Not used on non-Windows systems
[1.334s] INFO:colcon.colcon_core.shell:Skip shell extension 'powershell' for command environment: Not usable outside of PowerShell
[1.334s] DEBUG:colcon.colcon_core.shell:Skip shell extension 'dsv' for command environment
[1.352s] INFO:colcon.colcon_ros.task.ament_cmake.build:Building ROS package in '/home/berth/rmb/src/rmb_db/rplidar_ros' with build type 'ament_cmake'
[1.353s] INFO:colcon.colcon_cmake.task.cmake.build:Building CMake package in '/home/berth/rmb/src/rmb_db/rplidar_ros'
[1.354s] INFO:colcon.colcon_core.shell:Skip shell extension 'powershell' for command environment: Not usable outside of PowerShell
[1.355s] DEBUG:colcon.colcon_core.shell:Skip shell extension 'dsv' for command environment
[1.380s] DEBUG:colcon.colcon_core.event_handler.log_command:Invoking command in '/home/berth/rmb/src/rmb_db/build/rmb_description': CMAKE_PREFIX_PATH=${CMAKE_PREFIX_PATH}:/opt/ros/humble /usr/bin/cmake /home/berth/rmb/src/rmb_db/rmb_description -DCMAKE_INSTALL_PREFIX=/home/berth/rmb/src/rmb_db/install/rmb_description
[1.403s] DEBUG:colcon.colcon_core.event_handler.log_command:Invoking command in '/home/berth/rmb/src/rmb_db/build/rplidar_ros': CMAKE_PREFIX_PATH=${CMAKE_PREFIX_PATH}:/opt/ros/humble /usr/bin/cmake /home/berth/rmb/src/rmb_db/rplidar_ros -DCMAKE_INSTALL_PREFIX=/home/berth/rmb/src/rmb_db/install/rplidar_ros
[4.454s] DEBUG:colcon.colcon_core.event_handler.log_command:Invoked command in '/home/berth/rmb/src/rmb_db/build/rmb_description' returned '0': CMAKE_PREFIX_PATH=${CMAKE_PREFIX_PATH}:/opt/ros/humble /usr/bin/cmake /home/berth/rmb/src/rmb_db/rmb_description -DCMAKE_INSTALL_PREFIX=/home/berth/rmb/src/rmb_db/install/rmb_description
[4.463s] DEBUG:colcon.colcon_core.event_handler.log_command:Invoking command in '/home/berth/rmb/src/rmb_db/build/rmb_description': CMAKE_PREFIX_PATH=${CMAKE_PREFIX_PATH}:/opt/ros/humble /usr/bin/cmake --build /home/berth/rmb/src/rmb_db/build/rmb_description -- -j4 -l4
[4.593s] DEBUG:colcon.colcon_core.event_handler.log_command:Invoked command in '/home/berth/rmb/src/rmb_db/build/rmb_description' returned '0': CMAKE_PREFIX_PATH=${CMAKE_PREFIX_PATH}:/opt/ros/humble /usr/bin/cmake --build /home/berth/rmb/src/rmb_db/build/rmb_description -- -j4 -l4
[4.715s] DEBUG:colcon.colcon_core.event_handler.log_command:Invoking command in '/home/berth/rmb/src/rmb_db/build/rmb_description': CMAKE_PREFIX_PATH=${CMAKE_PREFIX_PATH}:/opt/ros/humble /usr/bin/cmake --install /home/berth/rmb/src/rmb_db/build/rmb_description
[4.896s] Level 1:colcon.colcon_core.environment:create_environment_scripts_only(rmb_description)
[4.898s] DEBUG:colcon.colcon_core.event_handler.log_command:Invoked command in '/home/berth/rmb/src/rmb_db/build/rmb_description' returned '0': CMAKE_PREFIX_PATH=${CMAKE_PREFIX_PATH}:/opt/ros/humble /usr/bin/cmake --install /home/berth/rmb/src/rmb_db/build/rmb_description
[4.907s] Level 1:colcon.colcon_core.environment:checking '/home/berth/rmb/src/rmb_db/install/rmb_description' for CMake module files
[4.910s] Level 1:colcon.colcon_core.environment:checking '/home/berth/rmb/src/rmb_db/install/rmb_description' for CMake config files
[4.911s] Level 1:colcon.colcon_core.shell:create_environment_hook('rmb_description', 'cmake_prefix_path')
[4.912s] INFO:colcon.colcon_core.shell:Creating environment hook '/home/berth/rmb/src/rmb_db/install/rmb_description/share/rmb_description/hook/cmake_prefix_path.ps1'
[4.914s] INFO:colcon.colcon_core.shell:Creating environment descriptor '/home/berth/rmb/src/rmb_db/install/rmb_description/share/rmb_description/hook/cmake_prefix_path.dsv'
[4.916s] INFO:colcon.colcon_core.shell:Creating environment hook '/home/berth/rmb/src/rmb_db/install/rmb_description/share/rmb_description/hook/cmake_prefix_path.sh'
[4.919s] Level 1:colcon.colcon_core.environment:checking '/home/berth/rmb/src/rmb_db/install/rmb_description/bin'
[4.920s] Level 1:colcon.colcon_core.environment:checking '/home/berth/rmb/src/rmb_db/install/rmb_description/lib/pkgconfig/rmb_description.pc'
[4.921s] Level 1:colcon.colcon_core.environment:checking '/home/berth/rmb/src/rmb_db/install/rmb_description/lib/python3.10/site-packages'
[4.922s] Level 1:colcon.colcon_core.environment:checking '/home/berth/rmb/src/rmb_db/install/rmb_description/bin'
[4.923s] INFO:colcon.colcon_core.shell:Creating package script '/home/berth/rmb/src/rmb_db/install/rmb_description/share/rmb_description/package.ps1'
[4.926s] INFO:colcon.colcon_core.shell:Creating package descriptor '/home/berth/rmb/src/rmb_db/install/rmb_description/share/rmb_description/package.dsv'
[4.928s] INFO:colcon.colcon_core.shell:Creating package script '/home/berth/rmb/src/rmb_db/install/rmb_description/share/rmb_description/package.sh'
[4.932s] INFO:colcon.colcon_core.shell:Creating package script '/home/berth/rmb/src/rmb_db/install/rmb_description/share/rmb_description/package.bash'
[4.935s] INFO:colcon.colcon_core.shell:Creating package script '/home/berth/rmb/src/rmb_db/install/rmb_description/share/rmb_description/package.zsh'
[4.938s] Level 1:colcon.colcon_core.environment:create_file_with_runtime_dependencies(/home/berth/rmb/src/rmb_db/install/rmb_description/share/colcon-core/packages/rmb_description)
[5.027s] Level 1:colcon.colcon_core.environment:create_environment_scripts_only(rmb_description)
[5.028s] Level 1:colcon.colcon_core.environment:checking '/home/berth/rmb/src/rmb_db/install/rmb_description' for CMake module files
[5.031s] Level 1:colcon.colcon_core.environment:checking '/home/berth/rmb/src/rmb_db/install/rmb_description' for CMake config files
[5.033s] Level 1:colcon.colcon_core.shell:create_environment_hook('rmb_description', 'cmake_prefix_path')
[5.034s] INFO:colcon.colcon_core.shell:Creating environment hook '/home/berth/rmb/src/rmb_db/install/rmb_description/share/rmb_description/hook/cmake_prefix_path.ps1'
[5.035s] INFO:colcon.colcon_core.shell:Creating environment descriptor '/home/berth/rmb/src/rmb_db/install/rmb_description/share/rmb_description/hook/cmake_prefix_path.dsv'
[5.037s] INFO:colcon.colcon_core.shell:Creating environment hook '/home/berth/rmb/src/rmb_db/install/rmb_description/share/rmb_description/hook/cmake_prefix_path.sh'
[5.040s] Level 1:colcon.colcon_core.environment:checking '/home/berth/rmb/src/rmb_db/install/rmb_description/bin'
[5.040s] Level 1:colcon.colcon_core.environment:checking '/home/berth/rmb/src/rmb_db/install/rmb_description/lib/pkgconfig/rmb_description.pc'
[5.041s] Level 1:colcon.colcon_core.environment:checking '/home/berth/rmb/src/rmb_db/install/rmb_description/lib/python3.10/site-packages'
[5.042s] Level 1:colcon.colcon_core.environment:checking '/home/berth/rmb/src/rmb_db/install/rmb_description/bin'
[5.043s] INFO:colcon.colcon_core.shell:Creating package script '/home/berth/rmb/src/rmb_db/install/rmb_description/share/rmb_description/package.ps1'
[5.046s] INFO:colcon.colcon_core.shell:Creating package descriptor '/home/berth/rmb/src/rmb_db/install/rmb_description/share/rmb_description/package.dsv'
[5.048s] INFO:colcon.colcon_core.shell:Creating package script '/home/berth/rmb/src/rmb_db/install/rmb_description/share/rmb_description/package.sh'
[5.050s] INFO:colcon.colcon_core.shell:Creating package script '/home/berth/rmb/src/rmb_db/install/rmb_description/share/rmb_description/package.bash'
[5.052s] INFO:colcon.colcon_core.shell:Creating package script '/home/berth/rmb/src/rmb_db/install/rmb_description/share/rmb_description/package.zsh'
[5.054s] Level 1:colcon.colcon_core.environment:create_file_with_runtime_dependencies(/home/berth/rmb/src/rmb_db/install/rmb_description/share/colcon-core/packages/rmb_description)
[8.060s] DEBUG:colcon.colcon_core.event_handler.log_command:Invoked command in '/home/berth/rmb/src/rmb_db/build/rplidar_ros' returned '0': CMAKE_PREFIX_PATH=${CMAKE_PREFIX_PATH}:/opt/ros/humble /usr/bin/cmake /home/berth/rmb/src/rmb_db/rplidar_ros -DCMAKE_INSTALL_PREFIX=/home/berth/rmb/src/rmb_db/install/rplidar_ros
[8.068s] DEBUG:colcon.colcon_core.event_handler.log_command:Invoking command in '/home/berth/rmb/src/rmb_db/build/rplidar_ros': CMAKE_PREFIX_PATH=${CMAKE_PREFIX_PATH}:/opt/ros/humble /usr/bin/cmake --build /home/berth/rmb/src/rmb_db/build/rplidar_ros -- -j4 -l4
[116.430s] DEBUG:colcon.colcon_core.event_handler.log_command:Invoked command in '/home/berth/rmb/src/rmb_db/build/rplidar_ros' returned '0': CMAKE_PREFIX_PATH=${CMAKE_PREFIX_PATH}:/opt/ros/humble /usr/bin/cmake --build /home/berth/rmb/src/rmb_db/build/rplidar_ros -- -j4 -l4
[116.817s] DEBUG:colcon.colcon_core.event_handler.log_command:Invoking command in '/home/berth/rmb/src/rmb_db/build/rplidar_ros': CMAKE_PREFIX_PATH=${CMAKE_PREFIX_PATH}:/opt/ros/humble /usr/bin/cmake --install /home/berth/rmb/src/rmb_db/build/rplidar_ros
[116.929s] Level 1:colcon.colcon_core.environment:create_environment_scripts_only(rplidar_ros)
[116.930s] Level 1:colcon.colcon_core.environment:checking '/home/berth/rmb/src/rmb_db/install/rplidar_ros' for CMake module files
[116.931s] DEBUG:colcon.colcon_core.event_handler.log_command:Invoked command in '/home/berth/rmb/src/rmb_db/build/rplidar_ros' returned '0': CMAKE_PREFIX_PATH=${CMAKE_PREFIX_PATH}:/opt/ros/humble /usr/bin/cmake --install /home/berth/rmb/src/rmb_db/build/rplidar_ros
[116.934s] Level 1:colcon.colcon_core.environment:checking '/home/berth/rmb/src/rmb_db/install/rplidar_ros' for CMake config files
[116.935s] Level 1:colcon.colcon_core.shell:create_environment_hook('rplidar_ros', 'cmake_prefix_path')
[116.936s] INFO:colcon.colcon_core.shell:Creating environment hook '/home/berth/rmb/src/rmb_db/install/rplidar_ros/share/rplidar_ros/hook/cmake_prefix_path.ps1'
[116.937s] INFO:colcon.colcon_core.shell:Creating environment descriptor '/home/berth/rmb/src/rmb_db/install/rplidar_ros/share/rplidar_ros/hook/cmake_prefix_path.dsv'
[116.939s] INFO:colcon.colcon_core.shell:Creating environment hook '/home/berth/rmb/src/rmb_db/install/rplidar_ros/share/rplidar_ros/hook/cmake_prefix_path.sh'
[116.941s] Level 1:colcon.colcon_core.environment:checking '/home/berth/rmb/src/rmb_db/install/rplidar_ros/lib'
[116.942s] Level 1:colcon.colcon_core.environment:checking '/home/berth/rmb/src/rmb_db/install/rplidar_ros/bin'
[116.942s] Level 1:colcon.colcon_core.environment:checking '/home/berth/rmb/src/rmb_db/install/rplidar_ros/lib/pkgconfig/rplidar_ros.pc'
[116.943s] Level 1:colcon.colcon_core.environment:checking '/home/berth/rmb/src/rmb_db/install/rplidar_ros/lib/python3.10/site-packages'
[116.944s] Level 1:colcon.colcon_core.environment:checking '/home/berth/rmb/src/rmb_db/install/rplidar_ros/bin'
[116.945s] INFO:colcon.colcon_core.shell:Creating package script '/home/berth/rmb/src/rmb_db/install/rplidar_ros/share/rplidar_ros/package.ps1'
[116.946s] INFO:colcon.colcon_core.shell:Creating package descriptor '/home/berth/rmb/src/rmb_db/install/rplidar_ros/share/rplidar_ros/package.dsv'
[116.948s] INFO:colcon.colcon_core.shell:Creating package script '/home/berth/rmb/src/rmb_db/install/rplidar_ros/share/rplidar_ros/package.sh'
[116.950s] INFO:colcon.colcon_core.shell:Creating package script '/home/berth/rmb/src/rmb_db/install/rplidar_ros/share/rplidar_ros/package.bash'
[116.951s] INFO:colcon.colcon_core.shell:Creating package script '/home/berth/rmb/src/rmb_db/install/rplidar_ros/share/rplidar_ros/package.zsh'
[116.952s] Level 1:colcon.colcon_core.environment:create_file_with_runtime_dependencies(/home/berth/rmb/src/rmb_db/install/rplidar_ros/share/colcon-core/packages/rplidar_ros)
[117.328s] Level 1:colcon.colcon_core.environment:create_environment_scripts_only(rplidar_ros)
[117.329s] Level 1:colcon.colcon_core.environment:checking '/home/berth/rmb/src/rmb_db/install/rplidar_ros' for CMake module files
[117.333s] Level 1:colcon.colcon_core.environment:checking '/home/berth/rmb/src/rmb_db/install/rplidar_ros' for CMake config files
[117.335s] Level 1:colcon.colcon_core.shell:create_environment_hook('rplidar_ros', 'cmake_prefix_path')
[117.336s] INFO:colcon.colcon_core.shell:Creating environment hook '/home/berth/rmb/src/rmb_db/install/rplidar_ros/share/rplidar_ros/hook/cmake_prefix_path.ps1'
[117.338s] INFO:colcon.colcon_core.shell:Creating environment descriptor '/home/berth/rmb/src/rmb_db/install/rplidar_ros/share/rplidar_ros/hook/cmake_prefix_path.dsv'
[117.340s] INFO:colcon.colcon_core.shell:Creating environment hook '/home/berth/rmb/src/rmb_db/install/rplidar_ros/share/rplidar_ros/hook/cmake_prefix_path.sh'
[117.342s] Level 1:colcon.colcon_core.environment:checking '/home/berth/rmb/src/rmb_db/install/rplidar_ros/lib'
[117.343s] Level 1:colcon.colcon_core.environment:checking '/home/berth/rmb/src/rmb_db/install/rplidar_ros/bin'
[117.343s] Level 1:colcon.colcon_core.environment:checking '/home/berth/rmb/src/rmb_db/install/rplidar_ros/lib/pkgconfig/rplidar_ros.pc'
[117.344s] Level 1:colcon.colcon_core.environment:checking '/home/berth/rmb/src/rmb_db/install/rplidar_ros/lib/python3.10/site-packages'
[117.344s] Level 1:colcon.colcon_core.environment:checking '/home/berth/rmb/src/rmb_db/install/rplidar_ros/bin'
[117.346s] INFO:colcon.colcon_core.shell:Creating package script '/home/berth/rmb/src/rmb_db/install/rplidar_ros/share/rplidar_ros/package.ps1'
[117.348s] INFO:colcon.colcon_core.shell:Creating package descriptor '/home/berth/rmb/src/rmb_db/install/rplidar_ros/share/rplidar_ros/package.dsv'
[117.350s] INFO:colcon.colcon_core.shell:Creating package script '/home/berth/rmb/src/rmb_db/install/rplidar_ros/share/rplidar_ros/package.sh'
[117.351s] INFO:colcon.colcon_core.shell:Creating package script '/home/berth/rmb/src/rmb_db/install/rplidar_ros/share/rplidar_ros/package.bash'
[117.353s] INFO:colcon.colcon_core.shell:Creating package script '/home/berth/rmb/src/rmb_db/install/rplidar_ros/share/rplidar_ros/package.zsh'
[117.355s] Level 1:colcon.colcon_core.environment:create_file_with_runtime_dependencies(/home/berth/rmb/src/rmb_db/install/rplidar_ros/share/colcon-core/packages/rplidar_ros)
[117.356s] DEBUG:colcon.colcon_parallel_executor.executor.parallel:closing loop
[117.360s] DEBUG:colcon.colcon_parallel_executor.executor.parallel:loop closed
[117.360s] DEBUG:colcon.colcon_parallel_executor.executor.parallel:run_until_complete finished with '0'
[117.361s] DEBUG:colcon.colcon_core.event_reactor:joining thread
[117.413s] INFO:colcon.colcon_core.plugin_system:Skipping extension 'colcon_notification.desktop_notification.notify_send': Could not find 'notify-send'
[117.414s] INFO:colcon.colcon_core.plugin_system:Skipping extension 'colcon_notification.desktop_notification.terminal_notifier': Not used on non-Darwin systems
[117.415s] INFO:colcon.colcon_core.plugin_system:Skipping extension 'colcon_notification.desktop_notification.win32': Not used on non-Windows systems
[117.416s] INFO:colcon.colcon_notification.desktop_notification:Sending desktop notification using 'notify2'
[117.422s] DEBUG:colcon.colcon_notification.desktop_notification.notify2:Failed to initialize notify2: org.freedesktop.DBus.Error.ServiceUnknown: The name org.freedesktop.Notifications was not provided by any .service files
[117.423s] DEBUG:colcon.colcon_core.event_reactor:joined thread
[117.426s] INFO:colcon.colcon_core.shell:Creating prefix script '/home/berth/rmb/src/rmb_db/install/local_setup.ps1'
[117.435s] INFO:colcon.colcon_core.shell:Creating prefix util module '/home/berth/rmb/src/rmb_db/install/_local_setup_util_ps1.py'
[117.449s] INFO:colcon.colcon_core.shell:Creating prefix chain script '/home/berth/rmb/src/rmb_db/install/setup.ps1'
[117.461s] INFO:colcon.colcon_core.shell:Creating prefix script '/home/berth/rmb/src/rmb_db/install/local_setup.sh'
[117.466s] INFO:colcon.colcon_core.shell:Creating prefix util module '/home/berth/rmb/src/rmb_db/install/_local_setup_util_sh.py'
[117.471s] INFO:colcon.colcon_core.shell:Creating prefix chain script '/home/berth/rmb/src/rmb_db/install/setup.sh'
[117.483s] INFO:colcon.colcon_core.shell:Creating prefix script '/home/berth/rmb/src/rmb_db/install/local_setup.bash'
[117.488s] INFO:colcon.colcon_core.shell:Creating prefix chain script '/home/berth/rmb/src/rmb_db/install/setup.bash'
[117.500s] INFO:colcon.colcon_core.shell:Creating prefix script '/home/berth/rmb/src/rmb_db/install/local_setup.zsh'
[117.505s] INFO:colcon.colcon_core.shell:Creating prefix chain script '/home/berth/rmb/src/rmb_db/install/setup.zsh'
