[0.014s] Invoking command in '/home/berth/rmb/src/rmb_db/build/dynamixel_hardware': CMAKE_PREFIX_PATH=${CMAKE_PREFIX_PATH}:/opt/ros/humble /usr/bin/cmake /home/berth/rmb/src/rmb_db/dynamixel_hardware -DCMAKE_INSTALL_PREFIX=/home/berth/rmb/src/rmb_db/install/dynamixel_hardware
[0.063s] -- The C compiler identification is GNU 11.4.0
[0.104s] -- The CXX compiler identification is GNU 11.4.0
[0.110s] -- Detecting C compiler ABI info
[0.173s] -- Detecting C compiler ABI info - done
[0.182s] -- Check for working C compiler: /usr/bin/cc - skipped
[0.183s] -- Detecting C compile features
[0.183s] -- Detecting C compile features - done
[0.188s] -- Detecting CXX compiler ABI info
[0.268s] -- Detecting CXX compiler ABI info - done
[0.278s] -- Check for working CXX compiler: /usr/bin/c++ - skipped
[0.278s] -- Detecting CXX compile features
[0.279s] -- Detecting CXX compile features - done
[0.283s] -- Found ament_cmake: 1.3.11 (/opt/ros/humble/share/ament_cmake/cmake)
[0.437s] -- Found Python3: /usr/bin/python3 (found version "3.10.12") found components: Interpreter 
[0.509s] -- Found rclcpp: 16.0.12 (/opt/ros/humble/share/rclcpp/cmake)
[0.563s] -- Found rosidl_generator_c: 3.1.6 (/opt/ros/humble/share/rosidl_generator_c/cmake)
[0.569s] -- Found rosidl_adapter: 3.1.6 (/opt/ros/humble/share/rosidl_adapter/cmake)
[0.580s] -- Found rosidl_generator_cpp: 3.1.6 (/opt/ros/humble/share/rosidl_generator_cpp/cmake)
[0.596s] -- Using all available rosidl_typesupport_c: rosidl_typesupport_fastrtps_c;rosidl_typesupport_introspection_c
[0.615s] -- Using all available rosidl_typesupport_cpp: rosidl_typesupport_fastrtps_cpp;rosidl_typesupport_introspection_cpp
[0.673s] -- Found rmw_implementation_cmake: 6.1.2 (/opt/ros/humble/share/rmw_implementation_cmake/cmake)
[0.677s] -- Found rmw_fastrtps_cpp: 6.2.7 (/opt/ros/humble/share/rmw_fastrtps_cpp/cmake)
[0.771s] -- Found OpenSSL: /usr/lib/x86_64-linux-gnu/libcrypto.so (found version "3.0.2")  
[0.797s] -- Found FastRTPS: /opt/ros/humble/include  
[0.834s] -- Using RMW implementation 'rmw_fastrtps_cpp' as default
[0.845s] -- Looking for pthread.h
[0.918s] -- Looking for pthread.h - found
[0.918s] -- Performing Test CMAKE_HAVE_LIBC_PTHREAD
[0.988s] -- Performing Test CMAKE_HAVE_LIBC_PTHREAD - Success
[0.990s] -- Found Threads: TRUE  
[1.025s] -- Found rclcpp_lifecycle: 16.0.12 (/opt/ros/humble/share/rclcpp_lifecycle/cmake)
[1.039s] -- Found hardware_interface: 2.51.0 (/opt/ros/humble/share/hardware_interface/cmake)
[1.130s] -- Found dynamixel_workbench_toolbox: 2.2.5 (/opt/ros/humble/share/dynamixel_workbench_toolbox/cmake)
[1.138s] -- Found ament_lint_auto: 0.12.12 (/opt/ros/humble/share/ament_lint_auto/cmake)
[1.211s] -- Added test 'copyright' to check source files copyright and LICENSE
[1.216s] -- Added test 'cppcheck' to perform static code analysis on C / C++ code
[1.216s] -- Configured cppcheck include dirs: /home/berth/rmb/src/rmb_db/dynamixel_hardware/include
[1.216s] -- Configured cppcheck exclude dirs and/or files: 
[1.216s] -- Added test 'cpplint' to check C / C++ code against the Google style
[1.216s] -- Configured cpplint exclude dirs and/or files: 
[1.216s] -- Added test 'lint_cmake' to check CMake code style
[1.217s] -- Added test 'uncrustify' to check C / C++ code style
[1.217s] -- Configured uncrustify additional arguments: 
[1.218s] -- Added test 'xmllint' to check XML markup files
[1.228s] -- Configuring done
[1.259s] -- Generating done
[1.265s] -- Build files have been written to: /home/berth/rmb/src/rmb_db/build/dynamixel_hardware
[1.279s] Invoked command in '/home/berth/rmb/src/rmb_db/build/dynamixel_hardware' returned '0': CMAKE_PREFIX_PATH=${CMAKE_PREFIX_PATH}:/opt/ros/humble /usr/bin/cmake /home/berth/rmb/src/rmb_db/dynamixel_hardware -DCMAKE_INSTALL_PREFIX=/home/berth/rmb/src/rmb_db/install/dynamixel_hardware
[1.280s] Invoking command in '/home/berth/rmb/src/rmb_db/build/dynamixel_hardware': CMAKE_PREFIX_PATH=${CMAKE_PREFIX_PATH}:/opt/ros/humble /usr/bin/cmake --build /home/berth/rmb/src/rmb_db/build/dynamixel_hardware -- -j12 -l12
[1.364s] [ 50%] [32mBuilding CXX object CMakeFiles/dynamixel_hardware.dir/src/dynamixel_hardware.cpp.o[0m
[6.153s] [100%] [32m[1mLinking CXX shared library libdynamixel_hardware.so[0m
[6.372s] [100%] Built target dynamixel_hardware
[6.385s] Invoked command in '/home/berth/rmb/src/rmb_db/build/dynamixel_hardware' returned '0': CMAKE_PREFIX_PATH=${CMAKE_PREFIX_PATH}:/opt/ros/humble /usr/bin/cmake --build /home/berth/rmb/src/rmb_db/build/dynamixel_hardware -- -j12 -l12
[6.387s] Invoking command in '/home/berth/rmb/src/rmb_db/build/dynamixel_hardware': CMAKE_PREFIX_PATH=${CMAKE_PREFIX_PATH}:/opt/ros/humble /usr/bin/cmake --install /home/berth/rmb/src/rmb_db/build/dynamixel_hardware
[6.395s] -- Install configuration: ""
[6.395s] -- Installing: /home/berth/rmb/src/rmb_db/install/dynamixel_hardware/share/dynamixel_hardware/dynamixel_hardware.xml
[6.395s] -- Installing: /home/berth/rmb/src/rmb_db/install/dynamixel_hardware/lib/libdynamixel_hardware.so
[6.397s] -- Set runtime path of "/home/berth/rmb/src/rmb_db/install/dynamixel_hardware/lib/libdynamixel_hardware.so" to ""
[6.397s] -- Installing: /home/berth/rmb/src/rmb_db/install/dynamixel_hardware/include
[6.397s] -- Installing: /home/berth/rmb/src/rmb_db/install/dynamixel_hardware/include/dynamixel_hardware
[6.397s] -- Installing: /home/berth/rmb/src/rmb_db/install/dynamixel_hardware/include/dynamixel_hardware/visiblity_control.h
[6.397s] -- Installing: /home/berth/rmb/src/rmb_db/install/dynamixel_hardware/include/dynamixel_hardware/dynamixel_hardware.hpp
[6.398s] -- Installing: /home/berth/rmb/src/rmb_db/install/dynamixel_hardware/share/dynamixel_hardware/environment/library_path.sh
[6.398s] -- Installing: /home/berth/rmb/src/rmb_db/install/dynamixel_hardware/share/dynamixel_hardware/environment/library_path.dsv
[6.398s] -- Installing: /home/berth/rmb/src/rmb_db/install/dynamixel_hardware/share/ament_index/resource_index/package_run_dependencies/dynamixel_hardware
[6.398s] -- Installing: /home/berth/rmb/src/rmb_db/install/dynamixel_hardware/share/ament_index/resource_index/parent_prefix_path/dynamixel_hardware
[6.398s] -- Installing: /home/berth/rmb/src/rmb_db/install/dynamixel_hardware/share/dynamixel_hardware/environment/ament_prefix_path.sh
[6.398s] -- Installing: /home/berth/rmb/src/rmb_db/install/dynamixel_hardware/share/dynamixel_hardware/environment/ament_prefix_path.dsv
[6.399s] -- Installing: /home/berth/rmb/src/rmb_db/install/dynamixel_hardware/share/dynamixel_hardware/environment/path.sh
[6.399s] -- Installing: /home/berth/rmb/src/rmb_db/install/dynamixel_hardware/share/dynamixel_hardware/environment/path.dsv
[6.399s] -- Installing: /home/berth/rmb/src/rmb_db/install/dynamixel_hardware/share/dynamixel_hardware/local_setup.bash
[6.399s] -- Installing: /home/berth/rmb/src/rmb_db/install/dynamixel_hardware/share/dynamixel_hardware/local_setup.sh
[6.399s] -- Installing: /home/berth/rmb/src/rmb_db/install/dynamixel_hardware/share/dynamixel_hardware/local_setup.zsh
[6.399s] -- Installing: /home/berth/rmb/src/rmb_db/install/dynamixel_hardware/share/dynamixel_hardware/local_setup.dsv
[6.399s] -- Installing: /home/berth/rmb/src/rmb_db/install/dynamixel_hardware/share/dynamixel_hardware/package.dsv
[6.400s] -- Installing: /home/berth/rmb/src/rmb_db/install/dynamixel_hardware/share/ament_index/resource_index/packages/dynamixel_hardware
[6.400s] -- Installing: /home/berth/rmb/src/rmb_db/install/dynamixel_hardware/share/ament_index/resource_index/hardware_interface__pluginlib__plugin/dynamixel_hardware
[6.400s] -- Installing: /home/berth/rmb/src/rmb_db/install/dynamixel_hardware/share/dynamixel_hardware/cmake/ament_cmake_export_include_directories-extras.cmake
[6.400s] -- Installing: /home/berth/rmb/src/rmb_db/install/dynamixel_hardware/share/dynamixel_hardware/cmake/ament_cmake_export_libraries-extras.cmake
[6.400s] -- Installing: /home/berth/rmb/src/rmb_db/install/dynamixel_hardware/share/dynamixel_hardware/cmake/ament_cmake_export_dependencies-extras.cmake
[6.401s] -- Installing: /home/berth/rmb/src/rmb_db/install/dynamixel_hardware/share/dynamixel_hardware/cmake/dynamixel_hardwareConfig.cmake
[6.401s] -- Installing: /home/berth/rmb/src/rmb_db/install/dynamixel_hardware/share/dynamixel_hardware/cmake/dynamixel_hardwareConfig-version.cmake
[6.401s] -- Installing: /home/berth/rmb/src/rmb_db/install/dynamixel_hardware/share/dynamixel_hardware/package.xml
[6.403s] Invoked command in '/home/berth/rmb/src/rmb_db/build/dynamixel_hardware' returned '0': CMAKE_PREFIX_PATH=${CMAKE_PREFIX_PATH}:/opt/ros/humble /usr/bin/cmake --install /home/berth/rmb/src/rmb_db/build/dynamixel_hardware
