[0.012s] Invoking command in '/home/berth/rmb/src/rmb_db/build/rmb_bringup': CMAKE_PREFIX_PATH=${CMAKE_PREFIX_PATH}:/opt/ros/humble /usr/bin/cmake /home/berth/rmb/src/rmb_db/rmb_bringup -DCMAKE_INSTALL_PREFIX=/home/berth/rmb/src/rmb_db/install/rmb_bringup
[0.064s] -- The C compiler identification is GNU 11.4.0
[0.114s] -- The CXX compiler identification is GNU 11.4.0
[0.121s] -- Detecting C compiler ABI info
[0.178s] -- Detecting C compiler ABI info - done
[0.186s] -- Check for working C compiler: /usr/bin/cc - skipped
[0.186s] -- Detecting C compile features
[0.186s] -- Detecting C compile features - done
[0.188s] -- Detecting CXX compiler ABI info
[0.250s] -- Detecting CXX compiler ABI info - done
[0.260s] -- Check for working CXX compiler: /usr/bin/c++ - skipped
[0.260s] -- Detecting CXX compile features
[0.261s] -- Detecting CXX compile features - done
[0.264s] -- Found ament_cmake: 1.3.11 (/opt/ros/humble/share/ament_cmake/cmake)
[0.414s] -- Found Python3: /usr/bin/python3 (found version "3.10.12") found components: Interpreter 
[0.523s] -- Found rclpy: 3.3.16 (/opt/ros/humble/share/rclpy/cmake)
[0.524s] -- Found ament_lint_auto: 0.12.12 (/opt/ros/humble/share/ament_lint_auto/cmake)
[0.582s] -- Added test 'flake8' to check Python code syntax and style conventions
[0.582s] -- Added test 'lint_cmake' to check CMake code style
[0.582s] -- Added test 'pep257' to check Python code against some of the docstring style conventions in PEP 257
[0.583s] -- Added test 'xmllint' to check XML markup files
[0.584s] -- Configuring done
[0.585s] -- Generating done
[0.586s] -- Build files have been written to: /home/berth/rmb/src/rmb_db/build/rmb_bringup
[0.589s] Invoked command in '/home/berth/rmb/src/rmb_db/build/rmb_bringup' returned '0': CMAKE_PREFIX_PATH=${CMAKE_PREFIX_PATH}:/opt/ros/humble /usr/bin/cmake /home/berth/rmb/src/rmb_db/rmb_bringup -DCMAKE_INSTALL_PREFIX=/home/berth/rmb/src/rmb_db/install/rmb_bringup
[0.591s] Invoking command in '/home/berth/rmb/src/rmb_db/build/rmb_bringup': CMAKE_PREFIX_PATH=${CMAKE_PREFIX_PATH}:/opt/ros/humble /usr/bin/cmake --build /home/berth/rmb/src/rmb_db/build/rmb_bringup -- -j12 -l12
[0.627s] Invoked command in '/home/berth/rmb/src/rmb_db/build/rmb_bringup' returned '0': CMAKE_PREFIX_PATH=${CMAKE_PREFIX_PATH}:/opt/ros/humble /usr/bin/cmake --build /home/berth/rmb/src/rmb_db/build/rmb_bringup -- -j12 -l12
[0.637s] Invoking command in '/home/berth/rmb/src/rmb_db/build/rmb_bringup': CMAKE_PREFIX_PATH=${CMAKE_PREFIX_PATH}:/opt/ros/humble /usr/bin/cmake --install /home/berth/rmb/src/rmb_db/build/rmb_bringup
[0.643s] -- Install configuration: ""
[0.643s] -- Installing: /home/berth/rmb/src/rmb_db/install/rmb_bringup/share/rmb_bringup/launch
[0.643s] -- Installing: /home/berth/rmb/src/rmb_db/install/rmb_bringup/share/rmb_bringup/launch/rmb_bringup.launch.py
[0.644s] -- Installing: /home/berth/rmb/src/rmb_db/install/rmb_bringup/share/rmb_bringup/config
[0.644s] -- Installing: /home/berth/rmb/src/rmb_db/install/rmb_bringup/share/rmb_bringup/config/rb_controllers.yaml
[0.644s] -- Installing: /home/berth/rmb/src/rmb_db/install/rmb_bringup/share/ament_index/resource_index/package_run_dependencies/rmb_bringup
[0.644s] -- Installing: /home/berth/rmb/src/rmb_db/install/rmb_bringup/share/ament_index/resource_index/parent_prefix_path/rmb_bringup
[0.644s] -- Installing: /home/berth/rmb/src/rmb_db/install/rmb_bringup/share/rmb_bringup/environment/ament_prefix_path.sh
[0.644s] -- Installing: /home/berth/rmb/src/rmb_db/install/rmb_bringup/share/rmb_bringup/environment/ament_prefix_path.dsv
[0.644s] -- Installing: /home/berth/rmb/src/rmb_db/install/rmb_bringup/share/rmb_bringup/environment/path.sh
[0.644s] -- Installing: /home/berth/rmb/src/rmb_db/install/rmb_bringup/share/rmb_bringup/environment/path.dsv
[0.644s] -- Installing: /home/berth/rmb/src/rmb_db/install/rmb_bringup/share/rmb_bringup/local_setup.bash
[0.644s] -- Installing: /home/berth/rmb/src/rmb_db/install/rmb_bringup/share/rmb_bringup/local_setup.sh
[0.645s] -- Installing: /home/berth/rmb/src/rmb_db/install/rmb_bringup/share/rmb_bringup/local_setup.zsh
[0.645s] -- Installing: /home/berth/rmb/src/rmb_db/install/rmb_bringup/share/rmb_bringup/local_setup.dsv
[0.645s] -- Installing: /home/berth/rmb/src/rmb_db/install/rmb_bringup/share/rmb_bringup/package.dsv
[0.645s] -- Installing: /home/berth/rmb/src/rmb_db/install/rmb_bringup/share/ament_index/resource_index/packages/rmb_bringup
[0.645s] -- Installing: /home/berth/rmb/src/rmb_db/install/rmb_bringup/share/rmb_bringup/cmake/rmb_bringupConfig.cmake
[0.645s] -- Installing: /home/berth/rmb/src/rmb_db/install/rmb_bringup/share/rmb_bringup/cmake/rmb_bringupConfig-version.cmake
[0.645s] -- Installing: /home/berth/rmb/src/rmb_db/install/rmb_bringup/share/rmb_bringup/package.xml
[0.646s] Invoked command in '/home/berth/rmb/src/rmb_db/build/rmb_bringup' returned '0': CMAKE_PREFIX_PATH=${CMAKE_PREFIX_PATH}:/opt/ros/humble /usr/bin/cmake --install /home/berth/rmb/src/rmb_db/build/rmb_bringup
