[0.012s] Invoking command in '/home/berth/rmb/src/rmb_db/build/rmb_description': CMAKE_PREFIX_PATH=${CMAKE_PREFIX_PATH}:/opt/ros/humble /usr/bin/cmake /home/berth/rmb/src/rmb_db/rmb_description -DCMAKE_INSTALL_PREFIX=/home/berth/rmb/src/rmb_db/install/rmb_description
[0.064s] -- The C compiler identification is GNU 11.4.0
[0.123s] -- The CXX compiler identification is GNU 11.4.0
[0.131s] -- Detecting C compiler ABI info
[0.202s] -- Detecting C compiler ABI info - done
[0.207s] -- Check for working C compiler: /usr/bin/cc - skipped
[0.207s] -- Detecting C compile features
[0.207s] -- Detecting C compile features - done
[0.209s] -- Detecting CXX compiler ABI info
[0.287s] -- Detecting CXX compiler ABI info - done
[0.296s] -- Check for working CXX compiler: /usr/bin/c++ - skipped
[0.296s] -- Detecting CXX compile features
[0.297s] -- Detecting CXX compile features - done
[0.299s] -- Found ament_cmake: 1.3.11 (/opt/ros/humble/share/ament_cmake/cmake)
[0.455s] -- Found Python3: /usr/bin/python3 (found version "3.10.12") found components: Interpreter 
[0.525s] -- Found ament_lint_auto: 0.12.12 (/opt/ros/humble/share/ament_lint_auto/cmake)
[0.589s] -- Added test 'flake8' to check Python code syntax and style conventions
[0.590s] -- Added test 'lint_cmake' to check CMake code style
[0.591s] -- Added test 'pep257' to check Python code against some of the docstring style conventions in PEP 257
[0.593s] -- Added test 'xmllint' to check XML markup files
[0.594s] -- Configuring done
[0.597s] -- Generating done
[0.599s] -- Build files have been written to: /home/berth/rmb/src/rmb_db/build/rmb_description
[0.603s] Invoked command in '/home/berth/rmb/src/rmb_db/build/rmb_description' returned '0': CMAKE_PREFIX_PATH=${CMAKE_PREFIX_PATH}:/opt/ros/humble /usr/bin/cmake /home/berth/rmb/src/rmb_db/rmb_description -DCMAKE_INSTALL_PREFIX=/home/berth/rmb/src/rmb_db/install/rmb_description
[0.604s] Invoking command in '/home/berth/rmb/src/rmb_db/build/rmb_description': CMAKE_PREFIX_PATH=${CMAKE_PREFIX_PATH}:/opt/ros/humble /usr/bin/cmake --build /home/berth/rmb/src/rmb_db/build/rmb_description -- -j12 -l12
[0.639s] Invoked command in '/home/berth/rmb/src/rmb_db/build/rmb_description' returned '0': CMAKE_PREFIX_PATH=${CMAKE_PREFIX_PATH}:/opt/ros/humble /usr/bin/cmake --build /home/berth/rmb/src/rmb_db/build/rmb_description -- -j12 -l12
[0.640s] Invoking command in '/home/berth/rmb/src/rmb_db/build/rmb_description': CMAKE_PREFIX_PATH=${CMAKE_PREFIX_PATH}:/opt/ros/humble /usr/bin/cmake --install /home/berth/rmb/src/rmb_db/build/rmb_description
[0.648s] -- Install configuration: ""
[0.648s] -- Installing: /home/berth/rmb/src/rmb_db/install/rmb_description/share/rmb_description/urdf
[0.649s] -- Installing: /home/berth/rmb/src/rmb_db/install/rmb_description/share/rmb_description/urdf/rmb.xacro.urdf
[0.649s] -- Installing: /home/berth/rmb/src/rmb_db/install/rmb_description/share/rmb_description/urdf/rmb_materials.xacro
[0.649s] -- Installing: /home/berth/rmb/src/rmb_db/install/rmb_description/share/rmb_description/urdf/rmb_description.urdf.xacro
[0.650s] -- Installing: /home/berth/rmb/src/rmb_db/install/rmb_description/share/rmb_description/urdf/rmb_control.xacro
[0.650s] -- Installing: /home/berth/rmb/src/rmb_db/install/rmb_description/share/rmb_description/meshes
[0.650s] -- Installing: /home/berth/rmb/src/rmb_db/install/rmb_description/share/rmb_description/meshes/kogel_caster_voor.STL
[0.651s] -- Installing: /home/berth/rmb/src/rmb_db/install/rmb_description/share/rmb_description/meshes/jib.STL
[0.651s] -- Installing: /home/berth/rmb/src/rmb_db/install/rmb_description/share/rmb_description/meshes/bovenwagen.STL
[0.651s] -- Installing: /home/berth/rmb/src/rmb_db/install/rmb_description/share/rmb_description/meshes/camera.STL
[0.651s] -- Installing: /home/berth/rmb/src/rmb_db/install/rmb_description/share/rmb_description/meshes/kogel_caster_achter.STL
[0.651s] -- Installing: /home/berth/rmb/src/rmb_db/install/rmb_description/share/rmb_description/meshes/wiel_rechts.STL
[0.652s] -- Installing: /home/berth/rmb/src/rmb_db/install/rmb_description/share/rmb_description/meshes/wiel_links.STL
[0.653s] -- Installing: /home/berth/rmb/src/rmb_db/install/rmb_description/share/rmb_description/meshes/adapter_grijper.STL
[0.653s] -- Installing: /home/berth/rmb/src/rmb_db/install/rmb_description/share/rmb_description/meshes/giek.STL
[0.654s] -- Installing: /home/berth/rmb/src/rmb_db/install/rmb_description/share/rmb_description/meshes/base_link_breed.STL
[0.661s] -- Installing: /home/berth/rmb/src/rmb_db/install/rmb_description/share/rmb_description/meshes/grijper.STL
[0.661s] -- Installing: /home/berth/rmb/src/rmb_db/install/rmb_description/share/rmb_description/meshes/lidar.STL
[0.661s] -- Installing: /home/berth/rmb/src/rmb_db/install/rmb_description/share/rmb_description/launch
[0.661s] -- Installing: /home/berth/rmb/src/rmb_db/install/rmb_description/share/rmb_description/launch/rmb_description.launch.py
[0.661s] -- Installing: /home/berth/rmb/src/rmb_db/install/rmb_description/share/ament_index/resource_index/package_run_dependencies/rmb_description
[0.661s] -- Installing: /home/berth/rmb/src/rmb_db/install/rmb_description/share/ament_index/resource_index/parent_prefix_path/rmb_description
[0.661s] -- Installing: /home/berth/rmb/src/rmb_db/install/rmb_description/share/rmb_description/environment/ament_prefix_path.sh
[0.661s] -- Installing: /home/berth/rmb/src/rmb_db/install/rmb_description/share/rmb_description/environment/ament_prefix_path.dsv
[0.661s] -- Installing: /home/berth/rmb/src/rmb_db/install/rmb_description/share/rmb_description/environment/path.sh
[0.662s] -- Installing: /home/berth/rmb/src/rmb_db/install/rmb_description/share/rmb_description/environment/path.dsv
[0.662s] -- Installing: /home/berth/rmb/src/rmb_db/install/rmb_description/share/rmb_description/local_setup.bash
[0.662s] -- Installing: /home/berth/rmb/src/rmb_db/install/rmb_description/share/rmb_description/local_setup.sh
[0.662s] -- Installing: /home/berth/rmb/src/rmb_db/install/rmb_description/share/rmb_description/local_setup.zsh
[0.662s] -- Installing: /home/berth/rmb/src/rmb_db/install/rmb_description/share/rmb_description/local_setup.dsv
[0.662s] -- Installing: /home/berth/rmb/src/rmb_db/install/rmb_description/share/rmb_description/package.dsv
[0.662s] -- Installing: /home/berth/rmb/src/rmb_db/install/rmb_description/share/ament_index/resource_index/packages/rmb_description
[0.662s] -- Installing: /home/berth/rmb/src/rmb_db/install/rmb_description/share/rmb_description/cmake/rmb_descriptionConfig.cmake
[0.662s] -- Installing: /home/berth/rmb/src/rmb_db/install/rmb_description/share/rmb_description/cmake/rmb_descriptionConfig-version.cmake
[0.662s] -- Installing: /home/berth/rmb/src/rmb_db/install/rmb_description/share/rmb_description/package.xml
[0.663s] Invoked command in '/home/berth/rmb/src/rmb_db/build/rmb_description' returned '0': CMAKE_PREFIX_PATH=${CMAKE_PREFIX_PATH}:/opt/ros/humble /usr/bin/cmake --install /home/berth/rmb/src/rmb_db/build/rmb_description
