[0.072s] DEBUG:colcon:Command line arguments: ['/usr/bin/colcon', 'build']
[0.072s] DEBUG:colcon:Parsed command line arguments: Namespace(log_base=None, log_level=None, verb_name='build', build_base='build', install_base='install', merge_install=False, symlink_install=False, test_result_base=None, continue_on_error=False, executor='parallel', parallel_workers=12, event_handlers=None, ignore_user_meta=False, metas=['./colcon.meta'], base_paths=['.'], packages_ignore=None, packages_ignore_regex=None, paths=None, packages_up_to=None, packages_up_to_regex=None, packages_above=None, packages_above_and_dependencies=None, packages_above_depth=None, packages_select_by_dep=None, packages_skip_by_dep=None, packages_skip_up_to=None, packages_select_build_failed=False, packages_skip_build_finished=False, packages_select_test_failures=False, packages_skip_test_passed=False, packages_select=None, packages_skip=None, packages_select_regex=None, packages_skip_regex=None, packages_start=None, packages_end=None, allow_overriding=[], cmake_args=None, cmake_target=None, cmake_target_skip_unavailable=False, cmake_clean_cache=False, cmake_clean_first=False, cmake_force_configure=False, ament_cmake_args=None, catkin_cmake_args=None, catkin_skip_building_tests=False, mixin_files=None, mixin=None, verb_parser=<colcon_mixin.mixin.mixin_argument.MixinArgumentDecorator object at 0x77ebf1698130>, verb_extension=<colcon_core.verb.build.BuildVerb object at 0x77ebf165fc40>, main=<bound method BuildVerb.main of <colcon_core.verb.build.BuildVerb object at 0x77ebf165fc40>>, mixin_verb=('build',))
[0.195s] Level 1:colcon.colcon_core.package_discovery:discover_packages(colcon_meta) check parameters
[0.195s] Level 1:colcon.colcon_core.package_discovery:discover_packages(recursive) check parameters
[0.195s] Level 1:colcon.colcon_core.package_discovery:discover_packages(ignore) check parameters
[0.195s] Level 1:colcon.colcon_core.package_discovery:discover_packages(path) check parameters
[0.195s] Level 1:colcon.colcon_core.package_discovery:discover_packages(colcon_meta) discover
[0.195s] Level 1:colcon.colcon_core.package_discovery:discover_packages(recursive) discover
[0.195s] INFO:colcon.colcon_core.package_discovery:Crawling recursively for packages in '/home/berth/rmb/src/rmb_db'
[0.195s] Level 1:colcon.colcon_core.package_identification:_identify(.) by extensions ['ignore', 'ignore_ament_install']
[0.195s] Level 1:colcon.colcon_core.package_identification:_identify(.) by extension 'ignore'
[0.195s] Level 1:colcon.colcon_core.package_identification:_identify(.) by extension 'ignore_ament_install'
[0.195s] Level 1:colcon.colcon_core.package_identification:_identify(.) by extensions ['colcon_pkg']
[0.195s] Level 1:colcon.colcon_core.package_identification:_identify(.) by extension 'colcon_pkg'
[0.195s] Level 1:colcon.colcon_core.package_identification:_identify(.) by extensions ['colcon_meta']
[0.195s] Level 1:colcon.colcon_core.package_identification:_identify(.) by extension 'colcon_meta'
[0.195s] Level 1:colcon.colcon_core.package_identification:_identify(.) by extensions ['ros']
[0.195s] Level 1:colcon.colcon_core.package_identification:_identify(.) by extension 'ros'
[0.208s] Level 1:colcon.colcon_core.package_identification:_identify(.) by extensions ['cmake', 'python']
[0.208s] Level 1:colcon.colcon_core.package_identification:_identify(.) by extension 'cmake'
[0.208s] Level 1:colcon.colcon_core.package_identification:_identify(.) by extension 'python'
[0.208s] Level 1:colcon.colcon_core.package_identification:_identify(.) by extensions ['python_setup_py']
[0.208s] Level 1:colcon.colcon_core.package_identification:_identify(.) by extension 'python_setup_py'
[0.208s] Level 1:colcon.colcon_core.package_identification:_identify(build) by extensions ['ignore', 'ignore_ament_install']
[0.208s] Level 1:colcon.colcon_core.package_identification:_identify(build) by extension 'ignore'
[0.208s] Level 1:colcon.colcon_core.package_identification:_identify(build) ignored
[0.208s] Level 1:colcon.colcon_core.package_identification:_identify(dynamixel_hardware) by extensions ['ignore', 'ignore_ament_install']
[0.208s] Level 1:colcon.colcon_core.package_identification:_identify(dynamixel_hardware) by extension 'ignore'
[0.208s] Level 1:colcon.colcon_core.package_identification:_identify(dynamixel_hardware) by extension 'ignore_ament_install'
[0.208s] Level 1:colcon.colcon_core.package_identification:_identify(dynamixel_hardware) by extensions ['colcon_pkg']
[0.208s] Level 1:colcon.colcon_core.package_identification:_identify(dynamixel_hardware) by extension 'colcon_pkg'
[0.208s] Level 1:colcon.colcon_core.package_identification:_identify(dynamixel_hardware) by extensions ['colcon_meta']
[0.208s] Level 1:colcon.colcon_core.package_identification:_identify(dynamixel_hardware) by extension 'colcon_meta'
[0.208s] Level 1:colcon.colcon_core.package_identification:_identify(dynamixel_hardware) by extensions ['ros']
[0.208s] Level 1:colcon.colcon_core.package_identification:_identify(dynamixel_hardware) by extension 'ros'
[0.210s] DEBUG:colcon.colcon_core.package_identification:Package 'dynamixel_hardware' with type 'ros.ament_cmake' and name 'dynamixel_hardware'
[0.210s] Level 1:colcon.colcon_core.package_identification:_identify(install) by extensions ['ignore', 'ignore_ament_install']
[0.210s] Level 1:colcon.colcon_core.package_identification:_identify(install) by extension 'ignore'
[0.210s] Level 1:colcon.colcon_core.package_identification:_identify(install) ignored
[0.210s] Level 1:colcon.colcon_core.package_identification:_identify(log) by extensions ['ignore', 'ignore_ament_install']
[0.210s] Level 1:colcon.colcon_core.package_identification:_identify(log) by extension 'ignore'
[0.210s] Level 1:colcon.colcon_core.package_identification:_identify(log) ignored
[0.210s] Level 1:colcon.colcon_core.package_identification:_identify(rmb_bringup) by extensions ['ignore', 'ignore_ament_install']
[0.210s] Level 1:colcon.colcon_core.package_identification:_identify(rmb_bringup) by extension 'ignore'
[0.210s] Level 1:colcon.colcon_core.package_identification:_identify(rmb_bringup) by extension 'ignore_ament_install'
[0.210s] Level 1:colcon.colcon_core.package_identification:_identify(rmb_bringup) by extensions ['colcon_pkg']
[0.210s] Level 1:colcon.colcon_core.package_identification:_identify(rmb_bringup) by extension 'colcon_pkg'
[0.210s] Level 1:colcon.colcon_core.package_identification:_identify(rmb_bringup) by extensions ['colcon_meta']
[0.210s] Level 1:colcon.colcon_core.package_identification:_identify(rmb_bringup) by extension 'colcon_meta'
[0.210s] Level 1:colcon.colcon_core.package_identification:_identify(rmb_bringup) by extensions ['ros']
[0.210s] Level 1:colcon.colcon_core.package_identification:_identify(rmb_bringup) by extension 'ros'
[0.211s] DEBUG:colcon.colcon_core.package_identification:Package 'rmb_bringup' with type 'ros.ament_cmake' and name 'rmb_bringup'
[0.211s] Level 1:colcon.colcon_core.package_identification:_identify(rmb_description) by extensions ['ignore', 'ignore_ament_install']
[0.211s] Level 1:colcon.colcon_core.package_identification:_identify(rmb_description) by extension 'ignore'
[0.211s] Level 1:colcon.colcon_core.package_identification:_identify(rmb_description) by extension 'ignore_ament_install'
[0.211s] Level 1:colcon.colcon_core.package_identification:_identify(rmb_description) by extensions ['colcon_pkg']
[0.211s] Level 1:colcon.colcon_core.package_identification:_identify(rmb_description) by extension 'colcon_pkg'
[0.211s] Level 1:colcon.colcon_core.package_identification:_identify(rmb_description) by extensions ['colcon_meta']
[0.211s] Level 1:colcon.colcon_core.package_identification:_identify(rmb_description) by extension 'colcon_meta'
[0.211s] Level 1:colcon.colcon_core.package_identification:_identify(rmb_description) by extensions ['ros']
[0.211s] Level 1:colcon.colcon_core.package_identification:_identify(rmb_description) by extension 'ros'
[0.211s] DEBUG:colcon.colcon_core.package_identification:Package 'rmb_description' with type 'ros.ament_cmake' and name 'rmb_description'
[0.211s] Level 1:colcon.colcon_core.package_identification:_identify(rplidar_ros) by extensions ['ignore', 'ignore_ament_install']
[0.211s] Level 1:colcon.colcon_core.package_identification:_identify(rplidar_ros) by extension 'ignore'
[0.211s] Level 1:colcon.colcon_core.package_identification:_identify(rplidar_ros) by extension 'ignore_ament_install'
[0.212s] Level 1:colcon.colcon_core.package_identification:_identify(rplidar_ros) by extensions ['colcon_pkg']
[0.212s] Level 1:colcon.colcon_core.package_identification:_identify(rplidar_ros) by extension 'colcon_pkg'
[0.212s] Level 1:colcon.colcon_core.package_identification:_identify(rplidar_ros) by extensions ['colcon_meta']
[0.212s] Level 1:colcon.colcon_core.package_identification:_identify(rplidar_ros) by extension 'colcon_meta'
[0.212s] Level 1:colcon.colcon_core.package_identification:_identify(rplidar_ros) by extensions ['ros']
[0.212s] Level 1:colcon.colcon_core.package_identification:_identify(rplidar_ros) by extension 'ros'
[0.212s] DEBUG:colcon.colcon_core.package_identification:Package 'rplidar_ros' with type 'ros.ament_cmake' and name 'rplidar_ros'
[0.212s] Level 1:colcon.colcon_core.package_discovery:discover_packages(recursive) using defaults
[0.212s] Level 1:colcon.colcon_core.package_discovery:discover_packages(ignore) discover
[0.212s] Level 1:colcon.colcon_core.package_discovery:discover_packages(ignore) using defaults
[0.212s] Level 1:colcon.colcon_core.package_discovery:discover_packages(path) discover
[0.212s] Level 1:colcon.colcon_core.package_discovery:discover_packages(path) using defaults
[0.225s] Level 1:colcon.colcon_core.package_discovery:discover_packages(prefix_path) check parameters
[0.225s] Level 1:colcon.colcon_core.package_discovery:discover_packages(prefix_path) discover
[0.226s] WARNING:colcon.colcon_ros.prefix_path.ament:The path '/home/berth/rmb/src/rmb_db/install/rplidar_ros' in the environment variable AMENT_PREFIX_PATH doesn't exist
[0.226s] WARNING:colcon.colcon_ros.prefix_path.ament:The path '/home/berth/rmb/src/rmb_db/install/rmb_description' in the environment variable AMENT_PREFIX_PATH doesn't exist
[0.226s] WARNING:colcon.colcon_ros.prefix_path.ament:The path '/home/berth/rmb/src/rmb_db/install/rmb_bringup' in the environment variable AMENT_PREFIX_PATH doesn't exist
[0.226s] WARNING:colcon.colcon_ros.prefix_path.ament:The path '/home/berth/rmb/src/rmb_db/install/dynamixel_hardware' in the environment variable AMENT_PREFIX_PATH doesn't exist
[0.226s] WARNING:colcon.colcon_ros.prefix_path.catkin:The path '/home/berth/rmb/src/rmb_db/install/rplidar_ros' in the environment variable CMAKE_PREFIX_PATH doesn't exist
[0.226s] WARNING:colcon.colcon_ros.prefix_path.catkin:The path '/home/berth/rmb/src/rmb_db/install/rmb_description' in the environment variable CMAKE_PREFIX_PATH doesn't exist
[0.226s] WARNING:colcon.colcon_ros.prefix_path.catkin:The path '/home/berth/rmb/src/rmb_db/install/rmb_bringup' in the environment variable CMAKE_PREFIX_PATH doesn't exist
[0.226s] WARNING:colcon.colcon_ros.prefix_path.catkin:The path '/home/berth/rmb/src/rmb_db/install/dynamixel_hardware' in the environment variable CMAKE_PREFIX_PATH doesn't exist
[0.226s] DEBUG:colcon.colcon_installed_package_information.package_discovery:Found 0 installed packages in /home/berth/rmb/src/rmb_db/install
[0.227s] DEBUG:colcon.colcon_installed_package_information.package_discovery:Found 3 installed packages in /home/berth/rmb/install
[0.227s] DEBUG:colcon.colcon_installed_package_information.package_discovery:Found 2 installed packages in /home/berth/rb_gz_sim_ws/install
[0.228s] DEBUG:colcon.colcon_installed_package_information.package_discovery:Found 391 installed packages in /opt/ros/humble
[0.229s] Level 1:colcon.colcon_core.package_discovery:discover_packages(prefix_path) using defaults
[0.256s] Level 5:colcon.colcon_core.verb:set package 'dynamixel_hardware' build argument 'cmake_args' from command line to 'None'
[0.256s] Level 5:colcon.colcon_core.verb:set package 'dynamixel_hardware' build argument 'cmake_target' from command line to 'None'
[0.256s] Level 5:colcon.colcon_core.verb:set package 'dynamixel_hardware' build argument 'cmake_target_skip_unavailable' from command line to 'False'
[0.256s] Level 5:colcon.colcon_core.verb:set package 'dynamixel_hardware' build argument 'cmake_clean_cache' from command line to 'False'
[0.256s] Level 5:colcon.colcon_core.verb:set package 'dynamixel_hardware' build argument 'cmake_clean_first' from command line to 'False'
[0.256s] Level 5:colcon.colcon_core.verb:set package 'dynamixel_hardware' build argument 'cmake_force_configure' from command line to 'False'
[0.256s] Level 5:colcon.colcon_core.verb:set package 'dynamixel_hardware' build argument 'ament_cmake_args' from command line to 'None'
[0.256s] Level 5:colcon.colcon_core.verb:set package 'dynamixel_hardware' build argument 'catkin_cmake_args' from command line to 'None'
[0.256s] Level 5:colcon.colcon_core.verb:set package 'dynamixel_hardware' build argument 'catkin_skip_building_tests' from command line to 'False'
[0.256s] DEBUG:colcon.colcon_core.verb:Building package 'dynamixel_hardware' with the following arguments: {'ament_cmake_args': None, 'build_base': '/home/berth/rmb/src/rmb_db/build/dynamixel_hardware', 'catkin_cmake_args': None, 'catkin_skip_building_tests': False, 'cmake_args': None, 'cmake_clean_cache': False, 'cmake_clean_first': False, 'cmake_force_configure': False, 'cmake_target': None, 'cmake_target_skip_unavailable': False, 'install_base': '/home/berth/rmb/src/rmb_db/install/dynamixel_hardware', 'merge_install': False, 'path': '/home/berth/rmb/src/rmb_db/dynamixel_hardware', 'symlink_install': False, 'test_result_base': None}
[0.256s] Level 5:colcon.colcon_core.verb:set package 'rmb_bringup' build argument 'cmake_args' from command line to 'None'
[0.256s] Level 5:colcon.colcon_core.verb:set package 'rmb_bringup' build argument 'cmake_target' from command line to 'None'
[0.256s] Level 5:colcon.colcon_core.verb:set package 'rmb_bringup' build argument 'cmake_target_skip_unavailable' from command line to 'False'
[0.256s] Level 5:colcon.colcon_core.verb:set package 'rmb_bringup' build argument 'cmake_clean_cache' from command line to 'False'
[0.256s] Level 5:colcon.colcon_core.verb:set package 'rmb_bringup' build argument 'cmake_clean_first' from command line to 'False'
[0.256s] Level 5:colcon.colcon_core.verb:set package 'rmb_bringup' build argument 'cmake_force_configure' from command line to 'False'
[0.256s] Level 5:colcon.colcon_core.verb:set package 'rmb_bringup' build argument 'ament_cmake_args' from command line to 'None'
[0.256s] Level 5:colcon.colcon_core.verb:set package 'rmb_bringup' build argument 'catkin_cmake_args' from command line to 'None'
[0.256s] Level 5:colcon.colcon_core.verb:set package 'rmb_bringup' build argument 'catkin_skip_building_tests' from command line to 'False'
[0.256s] DEBUG:colcon.colcon_core.verb:Building package 'rmb_bringup' with the following arguments: {'ament_cmake_args': None, 'build_base': '/home/berth/rmb/src/rmb_db/build/rmb_bringup', 'catkin_cmake_args': None, 'catkin_skip_building_tests': False, 'cmake_args': None, 'cmake_clean_cache': False, 'cmake_clean_first': False, 'cmake_force_configure': False, 'cmake_target': None, 'cmake_target_skip_unavailable': False, 'install_base': '/home/berth/rmb/src/rmb_db/install/rmb_bringup', 'merge_install': False, 'path': '/home/berth/rmb/src/rmb_db/rmb_bringup', 'symlink_install': False, 'test_result_base': None}
[0.257s] Level 5:colcon.colcon_core.verb:set package 'rmb_description' build argument 'cmake_args' from command line to 'None'
[0.257s] Level 5:colcon.colcon_core.verb:set package 'rmb_description' build argument 'cmake_target' from command line to 'None'
[0.257s] Level 5:colcon.colcon_core.verb:set package 'rmb_description' build argument 'cmake_target_skip_unavailable' from command line to 'False'
[0.257s] Level 5:colcon.colcon_core.verb:set package 'rmb_description' build argument 'cmake_clean_cache' from command line to 'False'
[0.257s] Level 5:colcon.colcon_core.verb:set package 'rmb_description' build argument 'cmake_clean_first' from command line to 'False'
[0.257s] Level 5:colcon.colcon_core.verb:set package 'rmb_description' build argument 'cmake_force_configure' from command line to 'False'
[0.257s] Level 5:colcon.colcon_core.verb:set package 'rmb_description' build argument 'ament_cmake_args' from command line to 'None'
[0.257s] Level 5:colcon.colcon_core.verb:set package 'rmb_description' build argument 'catkin_cmake_args' from command line to 'None'
[0.257s] Level 5:colcon.colcon_core.verb:set package 'rmb_description' build argument 'catkin_skip_building_tests' from command line to 'False'
[0.257s] DEBUG:colcon.colcon_core.verb:Building package 'rmb_description' with the following arguments: {'ament_cmake_args': None, 'build_base': '/home/berth/rmb/src/rmb_db/build/rmb_description', 'catkin_cmake_args': None, 'catkin_skip_building_tests': False, 'cmake_args': None, 'cmake_clean_cache': False, 'cmake_clean_first': False, 'cmake_force_configure': False, 'cmake_target': None, 'cmake_target_skip_unavailable': False, 'install_base': '/home/berth/rmb/src/rmb_db/install/rmb_description', 'merge_install': False, 'path': '/home/berth/rmb/src/rmb_db/rmb_description', 'symlink_install': False, 'test_result_base': None}
[0.257s] Level 5:colcon.colcon_core.verb:set package 'rplidar_ros' build argument 'cmake_args' from command line to 'None'
[0.257s] Level 5:colcon.colcon_core.verb:set package 'rplidar_ros' build argument 'cmake_target' from command line to 'None'
[0.257s] Level 5:colcon.colcon_core.verb:set package 'rplidar_ros' build argument 'cmake_target_skip_unavailable' from command line to 'False'
[0.257s] Level 5:colcon.colcon_core.verb:set package 'rplidar_ros' build argument 'cmake_clean_cache' from command line to 'False'
[0.257s] Level 5:colcon.colcon_core.verb:set package 'rplidar_ros' build argument 'cmake_clean_first' from command line to 'False'
[0.257s] Level 5:colcon.colcon_core.verb:set package 'rplidar_ros' build argument 'cmake_force_configure' from command line to 'False'
[0.257s] Level 5:colcon.colcon_core.verb:set package 'rplidar_ros' build argument 'ament_cmake_args' from command line to 'None'
[0.257s] Level 5:colcon.colcon_core.verb:set package 'rplidar_ros' build argument 'catkin_cmake_args' from command line to 'None'
[0.257s] Level 5:colcon.colcon_core.verb:set package 'rplidar_ros' build argument 'catkin_skip_building_tests' from command line to 'False'
[0.257s] DEBUG:colcon.colcon_core.verb:Building package 'rplidar_ros' with the following arguments: {'ament_cmake_args': None, 'build_base': '/home/berth/rmb/src/rmb_db/build/rplidar_ros', 'catkin_cmake_args': None, 'catkin_skip_building_tests': False, 'cmake_args': None, 'cmake_clean_cache': False, 'cmake_clean_first': False, 'cmake_force_configure': False, 'cmake_target': None, 'cmake_target_skip_unavailable': False, 'install_base': '/home/berth/rmb/src/rmb_db/install/rplidar_ros', 'merge_install': False, 'path': '/home/berth/rmb/src/rmb_db/rplidar_ros', 'symlink_install': False, 'test_result_base': None}
[0.257s] INFO:colcon.colcon_core.executor:Executing jobs using 'parallel' executor
[0.258s] DEBUG:colcon.colcon_parallel_executor.executor.parallel:run_until_complete
[0.258s] INFO:colcon.colcon_ros.task.ament_cmake.build:Building ROS package in '/home/berth/rmb/src/rmb_db/dynamixel_hardware' with build type 'ament_cmake'
[0.258s] INFO:colcon.colcon_cmake.task.cmake.build:Building CMake package in '/home/berth/rmb/src/rmb_db/dynamixel_hardware'
[0.260s] INFO:colcon.colcon_core.plugin_system:Skipping extension 'colcon_core.shell.bat': Not used on non-Windows systems
[0.260s] INFO:colcon.colcon_core.shell:Skip shell extension 'powershell' for command environment: Not usable outside of PowerShell
[0.260s] DEBUG:colcon.colcon_core.shell:Skip shell extension 'dsv' for command environment
[0.263s] INFO:colcon.colcon_ros.task.ament_cmake.build:Building ROS package in '/home/berth/rmb/src/rmb_db/rmb_bringup' with build type 'ament_cmake'
[0.263s] INFO:colcon.colcon_cmake.task.cmake.build:Building CMake package in '/home/berth/rmb/src/rmb_db/rmb_bringup'
[0.263s] INFO:colcon.colcon_core.shell:Skip shell extension 'powershell' for command environment: Not usable outside of PowerShell
[0.263s] DEBUG:colcon.colcon_core.shell:Skip shell extension 'dsv' for command environment
[0.266s] INFO:colcon.colcon_ros.task.ament_cmake.build:Building ROS package in '/home/berth/rmb/src/rmb_db/rmb_description' with build type 'ament_cmake'
[0.266s] INFO:colcon.colcon_cmake.task.cmake.build:Building CMake package in '/home/berth/rmb/src/rmb_db/rmb_description'
[0.266s] INFO:colcon.colcon_core.shell:Skip shell extension 'powershell' for command environment: Not usable outside of PowerShell
[0.266s] DEBUG:colcon.colcon_core.shell:Skip shell extension 'dsv' for command environment
[0.268s] INFO:colcon.colcon_ros.task.ament_cmake.build:Building ROS package in '/home/berth/rmb/src/rmb_db/rplidar_ros' with build type 'ament_cmake'
[0.268s] INFO:colcon.colcon_cmake.task.cmake.build:Building CMake package in '/home/berth/rmb/src/rmb_db/rplidar_ros'
[0.268s] INFO:colcon.colcon_core.shell:Skip shell extension 'powershell' for command environment: Not usable outside of PowerShell
[0.268s] DEBUG:colcon.colcon_core.shell:Skip shell extension 'dsv' for command environment
[0.274s] DEBUG:colcon.colcon_core.event_handler.log_command:Invoking command in '/home/berth/rmb/src/rmb_db/build/dynamixel_hardware': CMAKE_PREFIX_PATH=${CMAKE_PREFIX_PATH}:/opt/ros/humble /usr/bin/cmake /home/berth/rmb/src/rmb_db/dynamixel_hardware -DCMAKE_INSTALL_PREFIX=/home/berth/rmb/src/rmb_db/install/dynamixel_hardware
[0.275s] DEBUG:colcon.colcon_core.event_handler.log_command:Invoking command in '/home/berth/rmb/src/rmb_db/build/rmb_bringup': CMAKE_PREFIX_PATH=${CMAKE_PREFIX_PATH}:/opt/ros/humble /usr/bin/cmake /home/berth/rmb/src/rmb_db/rmb_bringup -DCMAKE_INSTALL_PREFIX=/home/berth/rmb/src/rmb_db/install/rmb_bringup
[0.278s] DEBUG:colcon.colcon_core.event_handler.log_command:Invoking command in '/home/berth/rmb/src/rmb_db/build/rmb_description': CMAKE_PREFIX_PATH=${CMAKE_PREFIX_PATH}:/opt/ros/humble /usr/bin/cmake /home/berth/rmb/src/rmb_db/rmb_description -DCMAKE_INSTALL_PREFIX=/home/berth/rmb/src/rmb_db/install/rmb_description
[0.280s] DEBUG:colcon.colcon_core.event_handler.log_command:Invoking command in '/home/berth/rmb/src/rmb_db/build/rplidar_ros': CMAKE_PREFIX_PATH=${CMAKE_PREFIX_PATH}:/opt/ros/humble /usr/bin/cmake /home/berth/rmb/src/rmb_db/rplidar_ros -DCMAKE_INSTALL_PREFIX=/home/berth/rmb/src/rmb_db/install/rplidar_ros
[0.853s] DEBUG:colcon.colcon_core.event_handler.log_command:Invoked command in '/home/berth/rmb/src/rmb_db/build/rmb_bringup' returned '0': CMAKE_PREFIX_PATH=${CMAKE_PREFIX_PATH}:/opt/ros/humble /usr/bin/cmake /home/berth/rmb/src/rmb_db/rmb_bringup -DCMAKE_INSTALL_PREFIX=/home/berth/rmb/src/rmb_db/install/rmb_bringup
[0.855s] DEBUG:colcon.colcon_core.event_handler.log_command:Invoking command in '/home/berth/rmb/src/rmb_db/build/rmb_bringup': CMAKE_PREFIX_PATH=${CMAKE_PREFIX_PATH}:/opt/ros/humble /usr/bin/cmake --build /home/berth/rmb/src/rmb_db/build/rmb_bringup -- -j12 -l12
[0.869s] DEBUG:colcon.colcon_core.event_handler.log_command:Invoked command in '/home/berth/rmb/src/rmb_db/build/rmb_description' returned '0': CMAKE_PREFIX_PATH=${CMAKE_PREFIX_PATH}:/opt/ros/humble /usr/bin/cmake /home/berth/rmb/src/rmb_db/rmb_description -DCMAKE_INSTALL_PREFIX=/home/berth/rmb/src/rmb_db/install/rmb_description
[0.871s] DEBUG:colcon.colcon_core.event_handler.log_command:Invoking command in '/home/berth/rmb/src/rmb_db/build/rmb_description': CMAKE_PREFIX_PATH=${CMAKE_PREFIX_PATH}:/opt/ros/humble /usr/bin/cmake --build /home/berth/rmb/src/rmb_db/build/rmb_description -- -j12 -l12
[0.890s] DEBUG:colcon.colcon_core.event_handler.log_command:Invoked command in '/home/berth/rmb/src/rmb_db/build/rmb_bringup' returned '0': CMAKE_PREFIX_PATH=${CMAKE_PREFIX_PATH}:/opt/ros/humble /usr/bin/cmake --build /home/berth/rmb/src/rmb_db/build/rmb_bringup -- -j12 -l12
[0.900s] DEBUG:colcon.colcon_core.event_handler.log_command:Invoking command in '/home/berth/rmb/src/rmb_db/build/rmb_bringup': CMAKE_PREFIX_PATH=${CMAKE_PREFIX_PATH}:/opt/ros/humble /usr/bin/cmake --install /home/berth/rmb/src/rmb_db/build/rmb_bringup
[0.905s] DEBUG:colcon.colcon_core.event_handler.log_command:Invoked command in '/home/berth/rmb/src/rmb_db/build/rmb_description' returned '0': CMAKE_PREFIX_PATH=${CMAKE_PREFIX_PATH}:/opt/ros/humble /usr/bin/cmake --build /home/berth/rmb/src/rmb_db/build/rmb_description -- -j12 -l12
[0.906s] DEBUG:colcon.colcon_core.event_handler.log_command:Invoking command in '/home/berth/rmb/src/rmb_db/build/rmb_description': CMAKE_PREFIX_PATH=${CMAKE_PREFIX_PATH}:/opt/ros/humble /usr/bin/cmake --install /home/berth/rmb/src/rmb_db/build/rmb_description
[0.909s] Level 1:colcon.colcon_core.environment:create_environment_scripts_only(rmb_bringup)
[0.910s] DEBUG:colcon.colcon_core.event_handler.log_command:Invoked command in '/home/berth/rmb/src/rmb_db/build/rmb_bringup' returned '0': CMAKE_PREFIX_PATH=${CMAKE_PREFIX_PATH}:/opt/ros/humble /usr/bin/cmake --install /home/berth/rmb/src/rmb_db/build/rmb_bringup
[0.911s] Level 1:colcon.colcon_core.environment:checking '/home/berth/rmb/src/rmb_db/install/rmb_bringup' for CMake module files
[0.912s] Level 1:colcon.colcon_core.environment:checking '/home/berth/rmb/src/rmb_db/install/rmb_bringup' for CMake config files
[0.912s] Level 1:colcon.colcon_core.shell:create_environment_hook('rmb_bringup', 'cmake_prefix_path')
[0.912s] INFO:colcon.colcon_core.shell:Creating environment hook '/home/berth/rmb/src/rmb_db/install/rmb_bringup/share/rmb_bringup/hook/cmake_prefix_path.ps1'
[0.912s] INFO:colcon.colcon_core.shell:Creating environment descriptor '/home/berth/rmb/src/rmb_db/install/rmb_bringup/share/rmb_bringup/hook/cmake_prefix_path.dsv'
[0.913s] INFO:colcon.colcon_core.shell:Creating environment hook '/home/berth/rmb/src/rmb_db/install/rmb_bringup/share/rmb_bringup/hook/cmake_prefix_path.sh'
[0.913s] Level 1:colcon.colcon_core.environment:checking '/home/berth/rmb/src/rmb_db/install/rmb_bringup/bin'
[0.913s] Level 1:colcon.colcon_core.environment:checking '/home/berth/rmb/src/rmb_db/install/rmb_bringup/lib/pkgconfig/rmb_bringup.pc'
[0.913s] Level 1:colcon.colcon_core.environment:checking '/home/berth/rmb/src/rmb_db/install/rmb_bringup/lib/python3.10/site-packages'
[0.913s] Level 1:colcon.colcon_core.environment:checking '/home/berth/rmb/src/rmb_db/install/rmb_bringup/bin'
[0.914s] INFO:colcon.colcon_core.shell:Creating package script '/home/berth/rmb/src/rmb_db/install/rmb_bringup/share/rmb_bringup/package.ps1'
[0.915s] INFO:colcon.colcon_core.shell:Creating package descriptor '/home/berth/rmb/src/rmb_db/install/rmb_bringup/share/rmb_bringup/package.dsv'
[0.915s] INFO:colcon.colcon_core.shell:Creating package script '/home/berth/rmb/src/rmb_db/install/rmb_bringup/share/rmb_bringup/package.sh'
[0.916s] INFO:colcon.colcon_core.shell:Creating package script '/home/berth/rmb/src/rmb_db/install/rmb_bringup/share/rmb_bringup/package.bash'
[0.916s] INFO:colcon.colcon_core.shell:Creating package script '/home/berth/rmb/src/rmb_db/install/rmb_bringup/share/rmb_bringup/package.zsh'
[0.917s] Level 1:colcon.colcon_core.environment:create_file_with_runtime_dependencies(/home/berth/rmb/src/rmb_db/install/rmb_bringup/share/colcon-core/packages/rmb_bringup)
[0.918s] Level 1:colcon.colcon_core.environment:create_environment_scripts_only(rmb_bringup)
[0.918s] Level 1:colcon.colcon_core.environment:checking '/home/berth/rmb/src/rmb_db/install/rmb_bringup' for CMake module files
[0.918s] Level 1:colcon.colcon_core.environment:checking '/home/berth/rmb/src/rmb_db/install/rmb_bringup' for CMake config files
[0.918s] Level 1:colcon.colcon_core.shell:create_environment_hook('rmb_bringup', 'cmake_prefix_path')
[0.918s] INFO:colcon.colcon_core.shell:Creating environment hook '/home/berth/rmb/src/rmb_db/install/rmb_bringup/share/rmb_bringup/hook/cmake_prefix_path.ps1'
[0.919s] INFO:colcon.colcon_core.shell:Creating environment descriptor '/home/berth/rmb/src/rmb_db/install/rmb_bringup/share/rmb_bringup/hook/cmake_prefix_path.dsv'
[0.919s] INFO:colcon.colcon_core.shell:Creating environment hook '/home/berth/rmb/src/rmb_db/install/rmb_bringup/share/rmb_bringup/hook/cmake_prefix_path.sh'
[0.919s] Level 1:colcon.colcon_core.environment:checking '/home/berth/rmb/src/rmb_db/install/rmb_bringup/bin'
[0.920s] Level 1:colcon.colcon_core.environment:checking '/home/berth/rmb/src/rmb_db/install/rmb_bringup/lib/pkgconfig/rmb_bringup.pc'
[0.920s] Level 1:colcon.colcon_core.environment:checking '/home/berth/rmb/src/rmb_db/install/rmb_bringup/lib/python3.10/site-packages'
[0.920s] Level 1:colcon.colcon_core.environment:checking '/home/berth/rmb/src/rmb_db/install/rmb_bringup/bin'
[0.920s] INFO:colcon.colcon_core.shell:Creating package script '/home/berth/rmb/src/rmb_db/install/rmb_bringup/share/rmb_bringup/package.ps1'
[0.920s] INFO:colcon.colcon_core.shell:Creating package descriptor '/home/berth/rmb/src/rmb_db/install/rmb_bringup/share/rmb_bringup/package.dsv'
[0.921s] INFO:colcon.colcon_core.shell:Creating package script '/home/berth/rmb/src/rmb_db/install/rmb_bringup/share/rmb_bringup/package.sh'
[0.921s] INFO:colcon.colcon_core.shell:Creating package script '/home/berth/rmb/src/rmb_db/install/rmb_bringup/share/rmb_bringup/package.bash'
[0.921s] INFO:colcon.colcon_core.shell:Creating package script '/home/berth/rmb/src/rmb_db/install/rmb_bringup/share/rmb_bringup/package.zsh'
[0.921s] Level 1:colcon.colcon_core.environment:create_file_with_runtime_dependencies(/home/berth/rmb/src/rmb_db/install/rmb_bringup/share/colcon-core/packages/rmb_bringup)
[0.929s] Level 1:colcon.colcon_core.environment:create_environment_scripts_only(rmb_description)
[0.929s] DEBUG:colcon.colcon_core.event_handler.log_command:Invoked command in '/home/berth/rmb/src/rmb_db/build/rmb_description' returned '0': CMAKE_PREFIX_PATH=${CMAKE_PREFIX_PATH}:/opt/ros/humble /usr/bin/cmake --install /home/berth/rmb/src/rmb_db/build/rmb_description
[0.929s] Level 1:colcon.colcon_core.environment:checking '/home/berth/rmb/src/rmb_db/install/rmb_description' for CMake module files
[0.930s] Level 1:colcon.colcon_core.environment:checking '/home/berth/rmb/src/rmb_db/install/rmb_description' for CMake config files
[0.930s] Level 1:colcon.colcon_core.shell:create_environment_hook('rmb_description', 'cmake_prefix_path')
[0.931s] INFO:colcon.colcon_core.shell:Creating environment hook '/home/berth/rmb/src/rmb_db/install/rmb_description/share/rmb_description/hook/cmake_prefix_path.ps1'
[0.931s] INFO:colcon.colcon_core.shell:Creating environment descriptor '/home/berth/rmb/src/rmb_db/install/rmb_description/share/rmb_description/hook/cmake_prefix_path.dsv'
[0.931s] INFO:colcon.colcon_core.shell:Creating environment hook '/home/berth/rmb/src/rmb_db/install/rmb_description/share/rmb_description/hook/cmake_prefix_path.sh'
[0.932s] Level 1:colcon.colcon_core.environment:checking '/home/berth/rmb/src/rmb_db/install/rmb_description/bin'
[0.932s] Level 1:colcon.colcon_core.environment:checking '/home/berth/rmb/src/rmb_db/install/rmb_description/lib/pkgconfig/rmb_description.pc'
[0.933s] Level 1:colcon.colcon_core.environment:checking '/home/berth/rmb/src/rmb_db/install/rmb_description/lib/python3.10/site-packages'
[0.933s] Level 1:colcon.colcon_core.environment:checking '/home/berth/rmb/src/rmb_db/install/rmb_description/bin'
[0.933s] INFO:colcon.colcon_core.shell:Creating package script '/home/berth/rmb/src/rmb_db/install/rmb_description/share/rmb_description/package.ps1'
[0.934s] INFO:colcon.colcon_core.shell:Creating package descriptor '/home/berth/rmb/src/rmb_db/install/rmb_description/share/rmb_description/package.dsv'
[0.934s] INFO:colcon.colcon_core.shell:Creating package script '/home/berth/rmb/src/rmb_db/install/rmb_description/share/rmb_description/package.sh'
[0.935s] INFO:colcon.colcon_core.shell:Creating package script '/home/berth/rmb/src/rmb_db/install/rmb_description/share/rmb_description/package.bash'
[0.935s] INFO:colcon.colcon_core.shell:Creating package script '/home/berth/rmb/src/rmb_db/install/rmb_description/share/rmb_description/package.zsh'
[0.935s] Level 1:colcon.colcon_core.environment:create_file_with_runtime_dependencies(/home/berth/rmb/src/rmb_db/install/rmb_description/share/colcon-core/packages/rmb_description)
[0.935s] Level 1:colcon.colcon_core.environment:create_environment_scripts_only(rmb_description)
[0.935s] Level 1:colcon.colcon_core.environment:checking '/home/berth/rmb/src/rmb_db/install/rmb_description' for CMake module files
[0.936s] Level 1:colcon.colcon_core.environment:checking '/home/berth/rmb/src/rmb_db/install/rmb_description' for CMake config files
[0.936s] Level 1:colcon.colcon_core.shell:create_environment_hook('rmb_description', 'cmake_prefix_path')
[0.936s] INFO:colcon.colcon_core.shell:Creating environment hook '/home/berth/rmb/src/rmb_db/install/rmb_description/share/rmb_description/hook/cmake_prefix_path.ps1'
[0.936s] INFO:colcon.colcon_core.shell:Creating environment descriptor '/home/berth/rmb/src/rmb_db/install/rmb_description/share/rmb_description/hook/cmake_prefix_path.dsv'
[0.937s] INFO:colcon.colcon_core.shell:Creating environment hook '/home/berth/rmb/src/rmb_db/install/rmb_description/share/rmb_description/hook/cmake_prefix_path.sh'
[0.937s] Level 1:colcon.colcon_core.environment:checking '/home/berth/rmb/src/rmb_db/install/rmb_description/bin'
[0.937s] Level 1:colcon.colcon_core.environment:checking '/home/berth/rmb/src/rmb_db/install/rmb_description/lib/pkgconfig/rmb_description.pc'
[0.937s] Level 1:colcon.colcon_core.environment:checking '/home/berth/rmb/src/rmb_db/install/rmb_description/lib/python3.10/site-packages'
[0.937s] Level 1:colcon.colcon_core.environment:checking '/home/berth/rmb/src/rmb_db/install/rmb_description/bin'
[0.937s] INFO:colcon.colcon_core.shell:Creating package script '/home/berth/rmb/src/rmb_db/install/rmb_description/share/rmb_description/package.ps1'
[0.938s] INFO:colcon.colcon_core.shell:Creating package descriptor '/home/berth/rmb/src/rmb_db/install/rmb_description/share/rmb_description/package.dsv'
[0.938s] INFO:colcon.colcon_core.shell:Creating package script '/home/berth/rmb/src/rmb_db/install/rmb_description/share/rmb_description/package.sh'
[0.938s] INFO:colcon.colcon_core.shell:Creating package script '/home/berth/rmb/src/rmb_db/install/rmb_description/share/rmb_description/package.bash'
[0.938s] INFO:colcon.colcon_core.shell:Creating package script '/home/berth/rmb/src/rmb_db/install/rmb_description/share/rmb_description/package.zsh'
[0.938s] Level 1:colcon.colcon_core.environment:create_file_with_runtime_dependencies(/home/berth/rmb/src/rmb_db/install/rmb_description/share/colcon-core/packages/rmb_description)
[1.387s] DEBUG:colcon.colcon_core.event_handler.log_command:Invoked command in '/home/berth/rmb/src/rmb_db/build/rplidar_ros' returned '0': CMAKE_PREFIX_PATH=${CMAKE_PREFIX_PATH}:/opt/ros/humble /usr/bin/cmake /home/berth/rmb/src/rmb_db/rplidar_ros -DCMAKE_INSTALL_PREFIX=/home/berth/rmb/src/rmb_db/install/rplidar_ros
[1.389s] DEBUG:colcon.colcon_core.event_handler.log_command:Invoking command in '/home/berth/rmb/src/rmb_db/build/rplidar_ros': CMAKE_PREFIX_PATH=${CMAKE_PREFIX_PATH}:/opt/ros/humble /usr/bin/cmake --build /home/berth/rmb/src/rmb_db/build/rplidar_ros -- -j12 -l12
[1.538s] DEBUG:colcon.colcon_core.event_handler.log_command:Invoked command in '/home/berth/rmb/src/rmb_db/build/dynamixel_hardware' returned '0': CMAKE_PREFIX_PATH=${CMAKE_PREFIX_PATH}:/opt/ros/humble /usr/bin/cmake /home/berth/rmb/src/rmb_db/dynamixel_hardware -DCMAKE_INSTALL_PREFIX=/home/berth/rmb/src/rmb_db/install/dynamixel_hardware
[1.539s] DEBUG:colcon.colcon_core.event_handler.log_command:Invoking command in '/home/berth/rmb/src/rmb_db/build/dynamixel_hardware': CMAKE_PREFIX_PATH=${CMAKE_PREFIX_PATH}:/opt/ros/humble /usr/bin/cmake --build /home/berth/rmb/src/rmb_db/build/dynamixel_hardware -- -j12 -l12
[6.644s] DEBUG:colcon.colcon_core.event_handler.log_command:Invoked command in '/home/berth/rmb/src/rmb_db/build/dynamixel_hardware' returned '0': CMAKE_PREFIX_PATH=${CMAKE_PREFIX_PATH}:/opt/ros/humble /usr/bin/cmake --build /home/berth/rmb/src/rmb_db/build/dynamixel_hardware -- -j12 -l12
[6.646s] DEBUG:colcon.colcon_core.event_handler.log_command:Invoking command in '/home/berth/rmb/src/rmb_db/build/dynamixel_hardware': CMAKE_PREFIX_PATH=${CMAKE_PREFIX_PATH}:/opt/ros/humble /usr/bin/cmake --install /home/berth/rmb/src/rmb_db/build/dynamixel_hardware
[6.661s] Level 1:colcon.colcon_core.environment:create_environment_scripts_only(dynamixel_hardware)
[6.662s] DEBUG:colcon.colcon_core.event_handler.log_command:Invoked command in '/home/berth/rmb/src/rmb_db/build/dynamixel_hardware' returned '0': CMAKE_PREFIX_PATH=${CMAKE_PREFIX_PATH}:/opt/ros/humble /usr/bin/cmake --install /home/berth/rmb/src/rmb_db/build/dynamixel_hardware
[6.662s] Level 1:colcon.colcon_core.environment:checking '/home/berth/rmb/src/rmb_db/install/dynamixel_hardware' for CMake module files
[6.663s] Level 1:colcon.colcon_core.environment:checking '/home/berth/rmb/src/rmb_db/install/dynamixel_hardware' for CMake config files
[6.663s] Level 1:colcon.colcon_core.shell:create_environment_hook('dynamixel_hardware', 'cmake_prefix_path')
[6.663s] INFO:colcon.colcon_core.shell:Creating environment hook '/home/berth/rmb/src/rmb_db/install/dynamixel_hardware/share/dynamixel_hardware/hook/cmake_prefix_path.ps1'
[6.664s] INFO:colcon.colcon_core.shell:Creating environment descriptor '/home/berth/rmb/src/rmb_db/install/dynamixel_hardware/share/dynamixel_hardware/hook/cmake_prefix_path.dsv'
[6.664s] INFO:colcon.colcon_core.shell:Creating environment hook '/home/berth/rmb/src/rmb_db/install/dynamixel_hardware/share/dynamixel_hardware/hook/cmake_prefix_path.sh'
[6.665s] Level 1:colcon.colcon_core.environment:checking '/home/berth/rmb/src/rmb_db/install/dynamixel_hardware/lib'
[6.665s] Level 1:colcon.colcon_core.shell:create_environment_hook('dynamixel_hardware', 'ld_library_path_lib')
[6.665s] INFO:colcon.colcon_core.shell:Creating environment hook '/home/berth/rmb/src/rmb_db/install/dynamixel_hardware/share/dynamixel_hardware/hook/ld_library_path_lib.ps1'
[6.666s] INFO:colcon.colcon_core.shell:Creating environment descriptor '/home/berth/rmb/src/rmb_db/install/dynamixel_hardware/share/dynamixel_hardware/hook/ld_library_path_lib.dsv'
[6.666s] INFO:colcon.colcon_core.shell:Creating environment hook '/home/berth/rmb/src/rmb_db/install/dynamixel_hardware/share/dynamixel_hardware/hook/ld_library_path_lib.sh'
[6.667s] Level 1:colcon.colcon_core.environment:checking '/home/berth/rmb/src/rmb_db/install/dynamixel_hardware/bin'
[6.667s] Level 1:colcon.colcon_core.environment:checking '/home/berth/rmb/src/rmb_db/install/dynamixel_hardware/lib/pkgconfig/dynamixel_hardware.pc'
[6.667s] Level 1:colcon.colcon_core.environment:checking '/home/berth/rmb/src/rmb_db/install/dynamixel_hardware/lib/python3.10/site-packages'
[6.667s] Level 1:colcon.colcon_core.environment:checking '/home/berth/rmb/src/rmb_db/install/dynamixel_hardware/bin'
[6.668s] INFO:colcon.colcon_core.shell:Creating package script '/home/berth/rmb/src/rmb_db/install/dynamixel_hardware/share/dynamixel_hardware/package.ps1'
[6.668s] INFO:colcon.colcon_core.shell:Creating package descriptor '/home/berth/rmb/src/rmb_db/install/dynamixel_hardware/share/dynamixel_hardware/package.dsv'
[6.669s] INFO:colcon.colcon_core.shell:Creating package script '/home/berth/rmb/src/rmb_db/install/dynamixel_hardware/share/dynamixel_hardware/package.sh'
[6.669s] INFO:colcon.colcon_core.shell:Creating package script '/home/berth/rmb/src/rmb_db/install/dynamixel_hardware/share/dynamixel_hardware/package.bash'
[6.670s] INFO:colcon.colcon_core.shell:Creating package script '/home/berth/rmb/src/rmb_db/install/dynamixel_hardware/share/dynamixel_hardware/package.zsh'
[6.670s] Level 1:colcon.colcon_core.environment:create_file_with_runtime_dependencies(/home/berth/rmb/src/rmb_db/install/dynamixel_hardware/share/colcon-core/packages/dynamixel_hardware)
[6.671s] Level 1:colcon.colcon_core.environment:create_environment_scripts_only(dynamixel_hardware)
[6.671s] Level 1:colcon.colcon_core.environment:checking '/home/berth/rmb/src/rmb_db/install/dynamixel_hardware' for CMake module files
[6.672s] Level 1:colcon.colcon_core.environment:checking '/home/berth/rmb/src/rmb_db/install/dynamixel_hardware' for CMake config files
[6.672s] Level 1:colcon.colcon_core.shell:create_environment_hook('dynamixel_hardware', 'cmake_prefix_path')
[6.672s] INFO:colcon.colcon_core.shell:Creating environment hook '/home/berth/rmb/src/rmb_db/install/dynamixel_hardware/share/dynamixel_hardware/hook/cmake_prefix_path.ps1'
[6.673s] INFO:colcon.colcon_core.shell:Creating environment descriptor '/home/berth/rmb/src/rmb_db/install/dynamixel_hardware/share/dynamixel_hardware/hook/cmake_prefix_path.dsv'
[6.673s] INFO:colcon.colcon_core.shell:Creating environment hook '/home/berth/rmb/src/rmb_db/install/dynamixel_hardware/share/dynamixel_hardware/hook/cmake_prefix_path.sh'
[6.673s] Level 1:colcon.colcon_core.environment:checking '/home/berth/rmb/src/rmb_db/install/dynamixel_hardware/lib'
[6.673s] Level 1:colcon.colcon_core.shell:create_environment_hook('dynamixel_hardware', 'ld_library_path_lib')
[6.673s] INFO:colcon.colcon_core.shell:Creating environment hook '/home/berth/rmb/src/rmb_db/install/dynamixel_hardware/share/dynamixel_hardware/hook/ld_library_path_lib.ps1'
[6.674s] INFO:colcon.colcon_core.shell:Creating environment descriptor '/home/berth/rmb/src/rmb_db/install/dynamixel_hardware/share/dynamixel_hardware/hook/ld_library_path_lib.dsv'
[6.674s] INFO:colcon.colcon_core.shell:Creating environment hook '/home/berth/rmb/src/rmb_db/install/dynamixel_hardware/share/dynamixel_hardware/hook/ld_library_path_lib.sh'
[6.674s] Level 1:colcon.colcon_core.environment:checking '/home/berth/rmb/src/rmb_db/install/dynamixel_hardware/bin'
[6.674s] Level 1:colcon.colcon_core.environment:checking '/home/berth/rmb/src/rmb_db/install/dynamixel_hardware/lib/pkgconfig/dynamixel_hardware.pc'
[6.674s] Level 1:colcon.colcon_core.environment:checking '/home/berth/rmb/src/rmb_db/install/dynamixel_hardware/lib/python3.10/site-packages'
[6.675s] Level 1:colcon.colcon_core.environment:checking '/home/berth/rmb/src/rmb_db/install/dynamixel_hardware/bin'
[6.675s] INFO:colcon.colcon_core.shell:Creating package script '/home/berth/rmb/src/rmb_db/install/dynamixel_hardware/share/dynamixel_hardware/package.ps1'
[6.675s] INFO:colcon.colcon_core.shell:Creating package descriptor '/home/berth/rmb/src/rmb_db/install/dynamixel_hardware/share/dynamixel_hardware/package.dsv'
[6.675s] INFO:colcon.colcon_core.shell:Creating package script '/home/berth/rmb/src/rmb_db/install/dynamixel_hardware/share/dynamixel_hardware/package.sh'
[6.676s] INFO:colcon.colcon_core.shell:Creating package script '/home/berth/rmb/src/rmb_db/install/dynamixel_hardware/share/dynamixel_hardware/package.bash'
[6.676s] INFO:colcon.colcon_core.shell:Creating package script '/home/berth/rmb/src/rmb_db/install/dynamixel_hardware/share/dynamixel_hardware/package.zsh'
[6.676s] Level 1:colcon.colcon_core.environment:create_file_with_runtime_dependencies(/home/berth/rmb/src/rmb_db/install/dynamixel_hardware/share/colcon-core/packages/dynamixel_hardware)
[8.807s] DEBUG:colcon.colcon_core.event_handler.log_command:Invoked command in '/home/berth/rmb/src/rmb_db/build/rplidar_ros' returned '0': CMAKE_PREFIX_PATH=${CMAKE_PREFIX_PATH}:/opt/ros/humble /usr/bin/cmake --build /home/berth/rmb/src/rmb_db/build/rplidar_ros -- -j12 -l12
[8.809s] DEBUG:colcon.colcon_core.event_handler.log_command:Invoking command in '/home/berth/rmb/src/rmb_db/build/rplidar_ros': CMAKE_PREFIX_PATH=${CMAKE_PREFIX_PATH}:/opt/ros/humble /usr/bin/cmake --install /home/berth/rmb/src/rmb_db/build/rplidar_ros
[8.826s] Level 1:colcon.colcon_core.environment:create_environment_scripts_only(rplidar_ros)
[8.827s] Level 1:colcon.colcon_core.environment:checking '/home/berth/rmb/src/rmb_db/install/rplidar_ros' for CMake module files
[8.828s] DEBUG:colcon.colcon_core.event_handler.log_command:Invoked command in '/home/berth/rmb/src/rmb_db/build/rplidar_ros' returned '0': CMAKE_PREFIX_PATH=${CMAKE_PREFIX_PATH}:/opt/ros/humble /usr/bin/cmake --install /home/berth/rmb/src/rmb_db/build/rplidar_ros
[8.828s] Level 1:colcon.colcon_core.environment:checking '/home/berth/rmb/src/rmb_db/install/rplidar_ros' for CMake config files
[8.828s] Level 1:colcon.colcon_core.shell:create_environment_hook('rplidar_ros', 'cmake_prefix_path')
[8.829s] INFO:colcon.colcon_core.shell:Creating environment hook '/home/berth/rmb/src/rmb_db/install/rplidar_ros/share/rplidar_ros/hook/cmake_prefix_path.ps1'
[8.829s] INFO:colcon.colcon_core.shell:Creating environment descriptor '/home/berth/rmb/src/rmb_db/install/rplidar_ros/share/rplidar_ros/hook/cmake_prefix_path.dsv'
[8.830s] INFO:colcon.colcon_core.shell:Creating environment hook '/home/berth/rmb/src/rmb_db/install/rplidar_ros/share/rplidar_ros/hook/cmake_prefix_path.sh'
[8.830s] Level 1:colcon.colcon_core.environment:checking '/home/berth/rmb/src/rmb_db/install/rplidar_ros/lib'
[8.831s] Level 1:colcon.colcon_core.environment:checking '/home/berth/rmb/src/rmb_db/install/rplidar_ros/bin'
[8.831s] Level 1:colcon.colcon_core.environment:checking '/home/berth/rmb/src/rmb_db/install/rplidar_ros/lib/pkgconfig/rplidar_ros.pc'
[8.831s] Level 1:colcon.colcon_core.environment:checking '/home/berth/rmb/src/rmb_db/install/rplidar_ros/lib/python3.10/site-packages'
[8.831s] Level 1:colcon.colcon_core.environment:checking '/home/berth/rmb/src/rmb_db/install/rplidar_ros/bin'
[8.832s] INFO:colcon.colcon_core.shell:Creating package script '/home/berth/rmb/src/rmb_db/install/rplidar_ros/share/rplidar_ros/package.ps1'
[8.832s] INFO:colcon.colcon_core.shell:Creating package descriptor '/home/berth/rmb/src/rmb_db/install/rplidar_ros/share/rplidar_ros/package.dsv'
[8.833s] INFO:colcon.colcon_core.shell:Creating package script '/home/berth/rmb/src/rmb_db/install/rplidar_ros/share/rplidar_ros/package.sh'
[8.833s] INFO:colcon.colcon_core.shell:Creating package script '/home/berth/rmb/src/rmb_db/install/rplidar_ros/share/rplidar_ros/package.bash'
[8.833s] INFO:colcon.colcon_core.shell:Creating package script '/home/berth/rmb/src/rmb_db/install/rplidar_ros/share/rplidar_ros/package.zsh'
[8.834s] Level 1:colcon.colcon_core.environment:create_file_with_runtime_dependencies(/home/berth/rmb/src/rmb_db/install/rplidar_ros/share/colcon-core/packages/rplidar_ros)
[8.834s] Level 1:colcon.colcon_core.environment:create_environment_scripts_only(rplidar_ros)
[8.834s] Level 1:colcon.colcon_core.environment:checking '/home/berth/rmb/src/rmb_db/install/rplidar_ros' for CMake module files
[8.835s] Level 1:colcon.colcon_core.environment:checking '/home/berth/rmb/src/rmb_db/install/rplidar_ros' for CMake config files
[8.835s] Level 1:colcon.colcon_core.shell:create_environment_hook('rplidar_ros', 'cmake_prefix_path')
[8.835s] INFO:colcon.colcon_core.shell:Creating environment hook '/home/berth/rmb/src/rmb_db/install/rplidar_ros/share/rplidar_ros/hook/cmake_prefix_path.ps1'
[8.836s] INFO:colcon.colcon_core.shell:Creating environment descriptor '/home/berth/rmb/src/rmb_db/install/rplidar_ros/share/rplidar_ros/hook/cmake_prefix_path.dsv'
[8.836s] INFO:colcon.colcon_core.shell:Creating environment hook '/home/berth/rmb/src/rmb_db/install/rplidar_ros/share/rplidar_ros/hook/cmake_prefix_path.sh'
[8.836s] Level 1:colcon.colcon_core.environment:checking '/home/berth/rmb/src/rmb_db/install/rplidar_ros/lib'
[8.836s] Level 1:colcon.colcon_core.environment:checking '/home/berth/rmb/src/rmb_db/install/rplidar_ros/bin'
[8.836s] Level 1:colcon.colcon_core.environment:checking '/home/berth/rmb/src/rmb_db/install/rplidar_ros/lib/pkgconfig/rplidar_ros.pc'
[8.836s] Level 1:colcon.colcon_core.environment:checking '/home/berth/rmb/src/rmb_db/install/rplidar_ros/lib/python3.10/site-packages'
[8.837s] Level 1:colcon.colcon_core.environment:checking '/home/berth/rmb/src/rmb_db/install/rplidar_ros/bin'
[8.837s] INFO:colcon.colcon_core.shell:Creating package script '/home/berth/rmb/src/rmb_db/install/rplidar_ros/share/rplidar_ros/package.ps1'
[8.837s] INFO:colcon.colcon_core.shell:Creating package descriptor '/home/berth/rmb/src/rmb_db/install/rplidar_ros/share/rplidar_ros/package.dsv'
[8.837s] INFO:colcon.colcon_core.shell:Creating package script '/home/berth/rmb/src/rmb_db/install/rplidar_ros/share/rplidar_ros/package.sh'
[8.838s] INFO:colcon.colcon_core.shell:Creating package script '/home/berth/rmb/src/rmb_db/install/rplidar_ros/share/rplidar_ros/package.bash'
[8.838s] INFO:colcon.colcon_core.shell:Creating package script '/home/berth/rmb/src/rmb_db/install/rplidar_ros/share/rplidar_ros/package.zsh'
[8.838s] Level 1:colcon.colcon_core.environment:create_file_with_runtime_dependencies(/home/berth/rmb/src/rmb_db/install/rplidar_ros/share/colcon-core/packages/rplidar_ros)
[8.838s] DEBUG:colcon.colcon_parallel_executor.executor.parallel:closing loop
[8.839s] DEBUG:colcon.colcon_parallel_executor.executor.parallel:loop closed
[8.839s] DEBUG:colcon.colcon_parallel_executor.executor.parallel:run_until_complete finished with '0'
[8.839s] DEBUG:colcon.colcon_core.event_reactor:joining thread
[8.877s] INFO:colcon.colcon_core.plugin_system:Skipping extension 'colcon_notification.desktop_notification.terminal_notifier': Not used on non-Darwin systems
[8.877s] INFO:colcon.colcon_core.plugin_system:Skipping extension 'colcon_notification.desktop_notification.win32': Not used on non-Windows systems
[8.877s] INFO:colcon.colcon_notification.desktop_notification:Sending desktop notification using 'notify2'
[8.895s] DEBUG:colcon.colcon_core.event_reactor:joined thread
[8.895s] INFO:colcon.colcon_core.shell:Creating prefix script '/home/berth/rmb/src/rmb_db/install/local_setup.ps1'
[8.897s] INFO:colcon.colcon_core.shell:Creating prefix util module '/home/berth/rmb/src/rmb_db/install/_local_setup_util_ps1.py'
[8.899s] INFO:colcon.colcon_core.shell:Creating prefix chain script '/home/berth/rmb/src/rmb_db/install/setup.ps1'
[8.901s] INFO:colcon.colcon_core.shell:Creating prefix script '/home/berth/rmb/src/rmb_db/install/local_setup.sh'
[8.902s] INFO:colcon.colcon_core.shell:Creating prefix util module '/home/berth/rmb/src/rmb_db/install/_local_setup_util_sh.py'
[8.902s] INFO:colcon.colcon_core.shell:Creating prefix chain script '/home/berth/rmb/src/rmb_db/install/setup.sh'
[8.903s] INFO:colcon.colcon_core.shell:Creating prefix script '/home/berth/rmb/src/rmb_db/install/local_setup.bash'
[8.904s] INFO:colcon.colcon_core.shell:Creating prefix chain script '/home/berth/rmb/src/rmb_db/install/setup.bash'
[8.905s] INFO:colcon.colcon_core.shell:Creating prefix script '/home/berth/rmb/src/rmb_db/install/local_setup.zsh'
[8.906s] INFO:colcon.colcon_core.shell:Creating prefix chain script '/home/berth/rmb/src/rmb_db/install/setup.zsh'
